mode: set
za/actor.go:24.35,25.29 1 0
za/actor.go:25.29,27.6 1 0
za/actor.go:31.121,33.28 1 0
za/actor.go:33.28,37.57 4 0
za/actor.go:37.57,57.34 4 0
za/actor.go:57.34,60.30 2 0
za/actor.go:60.30,62.18 1 0
za/actor.go:62.23,64.18 1 0
za/actor.go:65.17,65.30 1 0
za/actor.go:70.13,82.26 2 0
za/actor.go:82.26,84.14 1 0
za/actor.go:84.19,86.14 1 0
za/actor.go:88.9,91.20 3 0
za/actor.go:91.20,99.61 5 0
za/actor.go:99.61,105.38 4 0
za/actor.go:105.38,108.18 2 0
za/actor.go:110.17,113.43 2 0
za/actor.go:114.33,116.29 2 0
za/actor.go:117.35,119.29 2 0
za/actor.go:123.17,123.24 1 0
za/actor.go:123.24,126.33 2 0
za/actor.go:126.33,126.70 1 0
za/actor.go:128.21,128.54 1 0
za/actor.go:128.54,131.22 2 0
za/actor.go:131.27,133.22 1 0
za/actor.go:137.13,138.38 2 0
za/actor.go:142.15,144.10 1 0
za/actor.go:148.5,148.15 1 0
za/actor.go:153.99,160.15 3 0
za/actor.go:160.15,161.21 1 0
za/actor.go:161.21,161.39 1 0
za/actor.go:162.9,167.23 4 0
za/actor.go:168.16,169.47 1 0
za/actor.go:170.16,174.23 4 0
za/actor.go:174.23,176.22 2 0
za/actor.go:179.13,179.56 1 0
za/actor.go:180.17,184.45 4 0
za/actor.go:186.9,186.46 1 0
za/actor.go:189.5,189.16 1 0
za/actor.go:198.31,199.13 1 0
za/actor.go:199.13,201.6 1 0
za/actor.go:203.5,203.21 1 0
za/actor.go:203.21,205.6 1 0
za/actor.go:207.5,209.22 3 0
za/actor.go:230.40,232.21 2 1
za/actor.go:232.21,232.37 1 1
za/actor.go:233.5,233.21 1 1
za/actor.go:233.21,233.36 1 1
za/actor.go:234.5,234.16 1 1
za/actor.go:234.16,236.25 2 1
za/actor.go:236.25,236.41 1 1
za/actor.go:238.5,238.16 1 1
za/actor.go:241.36,242.21 1 1
za/actor.go:243.19,245.23 2 1
za/actor.go:246.21,248.23 2 1
za/actor.go:249.13,250.23 1 1
za/actor.go:252.5,252.11 1 1
za/actor.go:255.36,257.24 2 0
za/actor.go:258.16,259.30 1 0
za/actor.go:260.16,261.23 1 0
za/actor.go:262.17,263.32 1 0
za/actor.go:264.15,265.32 1 0
za/actor.go:266.17,267.24 1 0
za/actor.go:268.14,269.30 1 0
za/actor.go:270.18,271.30 1 0
za/actor.go:272.19,273.18 1 0
za/actor.go:274.21,275.19 1 0
za/actor.go:276.17,277.26 1 0
za/actor.go:279.5,279.15 1 0
za/actor.go:282.38,284.24 2 0
za/actor.go:285.16,286.33 1 0
za/actor.go:287.16,288.33 1 0
za/actor.go:289.17,290.33 1 0
za/actor.go:291.15,292.33 1 0
za/actor.go:293.17,294.33 1 0
za/actor.go:295.14,296.33 1 0
za/actor.go:297.18,298.24 1 0
za/actor.go:299.19,300.20 1 0
za/actor.go:301.21,302.18 1 0
za/actor.go:303.17,304.23 1 0
za/actor.go:306.5,306.14 1 0
za/actor.go:310.42,311.28 1 0
za/actor.go:312.14,313.33 1 0
za/actor.go:314.16,315.33 1 0
za/actor.go:316.15,317.33 1 0
za/actor.go:318.16,319.33 1 0
za/actor.go:320.17,321.33 1 0
za/actor.go:322.17,323.33 1 0
za/actor.go:324.18,325.24 1 0
za/actor.go:326.17,328.27 2 0
za/actor.go:329.13,330.32 1 0
za/actor.go:335.41,336.29 1 0
za/actor.go:337.18,338.31 1 0
za/actor.go:339.15,340.31 1 0
za/actor.go:341.14,342.31 1 0
za/actor.go:343.16,344.24 1 0
za/actor.go:345.17,346.31 1 0
za/actor.go:347.17,348.31 1 0
za/actor.go:349.16,350.31 1 0
za/actor.go:351.17,353.21 2 0
za/actor.go:353.21,355.10 1 0
za/actor.go:357.5,357.19 1 0
za/actor.go:361.37,362.29 1 0
za/actor.go:363.18,364.29 1 0
za/actor.go:365.15,366.15 1 0
za/actor.go:366.15,366.39 1 0
za/actor.go:367.9,367.29 1 0
za/actor.go:368.15,369.29 1 0
za/actor.go:370.16,371.29 1 0
za/actor.go:372.17,373.29 1 0
za/actor.go:374.17,375.29 1 0
za/actor.go:376.16,377.29 1 0
za/actor.go:378.14,379.24 1 0
za/actor.go:380.17,381.18 1 0
za/actor.go:381.18,383.25 2 0
za/actor.go:383.25,385.14 1 0
za/actor.go:388.5,388.19 1 0
za/actor.go:391.39,392.29 1 1
za/actor.go:393.18,394.30 1 1
za/actor.go:395.14,396.30 1 0
za/actor.go:397.16,398.30 1 0
za/actor.go:399.17,400.30 1 0
za/actor.go:401.17,402.30 1 0
za/actor.go:403.16,404.30 1 0
za/actor.go:405.15,406.24 1 0
za/actor.go:407.17,409.21 2 1
za/actor.go:409.21,411.10 1 1
za/actor.go:412.13,412.13 0 1
za/actor.go:414.5,414.25 1 1
za/actor.go:419.42,420.28 1 1
za/actor.go:420.28,421.25 1 1
za/actor.go:421.25,423.10 1 1
za/actor.go:425.5,425.17 1 1
za/actor.go:435.80,437.17 1 0
za/actor.go:437.17,439.6 1 0
za/actor.go:441.5,443.32 2 0
za/actor.go:443.32,444.30 1 0
za/actor.go:444.30,445.21 1 0
za/actor.go:447.9,447.45 1 0
za/actor.go:447.45,448.81 1 0
za/actor.go:448.81,450.14 1 0
za/actor.go:452.13,452.56 1 0
za/actor.go:452.56,454.14 1 0
za/actor.go:457.13,457.55 1 0
za/actor.go:457.55,459.14 1 0
za/actor.go:462.5,462.17 1 0
za/actor.go:468.140,474.32 2 0
za/actor.go:474.32,476.31 1 0
za/actor.go:476.31,477.21 1 0
za/actor.go:481.9,481.52 1 0
za/actor.go:481.52,483.10 1 0
za/actor.go:484.9,484.52 1 0
za/actor.go:484.52,486.10 1 0
za/actor.go:487.9,487.30 1 0
za/actor.go:487.30,489.10 1 0
za/actor.go:492.9,492.62 1 0
za/actor.go:492.62,494.10 1 0
za/actor.go:499.5,499.28 1 0
za/actor.go:507.83,514.46 3 0
za/actor.go:514.46,515.34 1 0
za/actor.go:515.34,516.59 1 0
za/actor.go:516.59,517.45 1 0
za/actor.go:517.45,517.74 1 0
za/actor.go:518.17,518.46 1 0
za/actor.go:518.46,521.26 2 0
za/actor.go:528.5,528.41 1 0
za/actor.go:528.41,530.23 2 0
za/actor.go:530.23,530.36 1 0
za/actor.go:534.5,534.45 1 0
za/actor.go:534.45,535.40 1 0
za/actor.go:535.40,540.10 4 0
za/actor.go:541.9,543.22 3 0
za/actor.go:547.5,547.17 1 0
za/actor.go:547.17,549.6 1 0
za/actor.go:552.5,553.37 2 0
za/actor.go:553.37,555.6 1 0
za/actor.go:558.5,563.26 6 0
za/actor.go:563.26,568.6 3 0
za/actor.go:572.5,573.25 2 0
za/actor.go:593.213,620.20 11 0
za/actor.go:620.20,623.6 2 0
za/actor.go:623.11,626.6 2 0
za/actor.go:627.5,635.18 6 0
za/actor.go:635.18,636.37 1 0
za/actor.go:636.37,639.93 1 0
za/actor.go:639.93,647.31 4 0
za/actor.go:647.31,651.35 4 0
za/actor.go:651.35,654.22 2 0
za/actor.go:654.27,655.45 1 0
za/actor.go:655.45,656.64 1 0
za/actor.go:656.64,658.30 1 0
za/actor.go:659.29,659.46 1 0
za/actor.go:663.17,663.36 1 0
za/actor.go:663.36,664.31 1 0
za/actor.go:664.31,664.41 1 0
za/actor.go:665.21,665.62 1 0
za/actor.go:665.62,665.93 2 0
za/actor.go:666.21,666.35 1 0
za/actor.go:670.19,674.48 2 0
za/actor.go:674.48,676.38 2 0
za/actor.go:676.38,676.66 2 0
za/actor.go:677.21,677.43 1 0
za/actor.go:679.17,681.34 3 0
za/actor.go:681.34,681.44 1 0
za/actor.go:682.17,683.39 2 0
za/actor.go:689.5,735.35 17 0
za/actor.go:735.35,737.6 1 0
za/actor.go:738.5,738.26 1 0
za/actor.go:738.26,740.6 1 0
za/actor.go:743.5,743.53 1 0
za/actor.go:743.53,744.40 1 0
za/actor.go:744.40,745.40 1 0
za/actor.go:745.40,747.14 1 0
za/actor.go:752.5,755.26 2 0
za/actor.go:755.26,761.6 5 0
za/actor.go:764.5,769.52 2 0
za/actor.go:769.52,770.74 1 0
za/actor.go:770.74,772.10 1 0
za/actor.go:774.5,797.15 7 0
za/actor.go:797.15,805.6 7 0
za/actor.go:813.5,813.20 1 0
za/actor.go:813.20,815.19 2 0
za/actor.go:815.19,815.32 1 0
za/actor.go:816.9,816.30 1 0
za/actor.go:816.30,817.55 1 0
za/actor.go:817.55,817.62 1 0
za/actor.go:818.13,818.33 1 0
za/actor.go:818.33,821.14 1 0
za/actor.go:821.19,825.14 2 0
za/actor.go:827.9,827.27 1 0
za/actor.go:836.5,836.47 1 0
za/actor.go:836.47,840.6 3 0
za/actor.go:844.5,939.9 81 0
za/actor.go:939.9,948.57 2 0
za/actor.go:948.57,949.18 1 0
za/actor.go:953.9,955.6 2 0
za/actor.go:958.9,964.22 2 0
za/actor.go:964.22,966.48 2 0
za/actor.go:966.48,968.14 1 0
za/actor.go:969.13,969.125 1 0
za/actor.go:975.9,975.46 1 0
za/actor.go:975.46,984.46 6 0
za/actor.go:984.46,985.45 1 0
za/actor.go:985.45,988.18 2 0
za/actor.go:990.13,991.21 2 0
za/actor.go:995.9,995.49 1 0
za/actor.go:995.49,997.59 1 0
za/actor.go:997.59,1002.41 1 0
za/actor.go:1002.41,1005.26 3 0
za/actor.go:1009.17,1011.63 3 0
za/actor.go:1011.63,1012.64 1 0
za/actor.go:1012.64,1014.30 2 0
za/actor.go:1018.17,1019.29 2 0
za/actor.go:1019.29,1021.48 2 0
za/actor.go:1021.48,1024.30 3 0
za/actor.go:1028.17,1029.29 2 0
za/actor.go:1029.29,1031.18 1 0
za/actor.go:1031.23,1033.18 1 0
za/actor.go:1036.17,1036.46 1 0
za/actor.go:1037.107,1037.107 0 0
za/actor.go:1038.106,1038.106 0 0
za/actor.go:1039.25,1043.26 4 0
za/actor.go:1046.17,1046.32 1 0
za/actor.go:1046.32,1047.26 1 0
za/actor.go:1050.17,1053.25 2 0
za/actor.go:1058.9,1058.21 1 0
za/actor.go:1058.21,1059.30 1 0
za/actor.go:1060.45,1060.45 0 0
za/actor.go:1061.21,1062.25 1 0
za/actor.go:1071.9,1071.24 1 0
za/actor.go:1071.24,1072.54 1 0
za/actor.go:1072.54,1073.25 1 0
za/actor.go:1090.9,1090.29 1 0
za/actor.go:1090.29,1091.78 1 0
za/actor.go:1091.78,1091.88 1 0
za/actor.go:1092.13,1092.58 1 0
za/actor.go:1092.58,1092.68 1 0
za/actor.go:1093.13,1093.56 1 0
za/actor.go:1093.56,1093.66 1 0
za/actor.go:1100.9,1100.26 1 0
za/actor.go:1102.20,1115.56 6 0
za/actor.go:1115.56,1116.50 1 0
za/actor.go:1117.33,1118.39 1 0
za/actor.go:1118.39,1119.45 1 0
za/actor.go:1121.21,1123.57 3 0
za/actor.go:1125.30,1126.40 1 0
za/actor.go:1126.40,1128.45 2 0
za/actor.go:1130.25,1131.41 1 0
za/actor.go:1133.17,1133.47 1 0
za/actor.go:1136.13,1136.34 1 0
za/actor.go:1136.34,1138.14 1 0
za/actor.go:1142.13,1144.61 3 0
za/actor.go:1144.61,1145.62 1 0
za/actor.go:1145.62,1147.26 2 0
za/actor.go:1155.13,1159.32 4 0
za/actor.go:1159.32,1163.51 1 0
za/actor.go:1163.51,1164.71 1 0
za/actor.go:1164.71,1166.30 2 0
za/actor.go:1170.17,1170.40 1 0
za/actor.go:1170.40,1172.47 2 0
za/actor.go:1172.47,1173.89 1 0
za/actor.go:1173.89,1175.26 1 0
za/actor.go:1179.17,1179.58 1 0
za/actor.go:1179.58,1183.46 2 0
za/actor.go:1183.46,1184.67 1 0
za/actor.go:1184.67,1186.34 2 0
za/actor.go:1189.21,1189.42 1 0
za/actor.go:1189.42,1192.41 2 0
za/actor.go:1192.41,1195.34 3 0
za/actor.go:1197.25,1197.49 1 0
za/actor.go:1198.34,1199.49 1 0
za/actor.go:1200.36,1201.56 1 0
za/actor.go:1202.35,1203.55 1 0
za/actor.go:1204.37,1205.57 1 0
za/actor.go:1206.33,1209.34 3 0
za/actor.go:1214.19,1217.14 2 0
za/actor.go:1219.13,1219.31 1 0
za/actor.go:1219.31,1220.22 1 0
za/actor.go:1224.13,1225.23 2 0
za/actor.go:1225.23,1228.33 3 0
za/actor.go:1228.33,1231.26 3 0
za/actor.go:1238.13,1238.44 1 0
za/actor.go:1238.44,1241.72 2 0
za/actor.go:1241.72,1243.18 1 0
za/actor.go:1243.23,1245.18 1 0
za/actor.go:1248.17,1248.45 1 0
za/actor.go:1248.45,1252.18 3 0
za/actor.go:1255.17,1258.44 3 0
za/actor.go:1258.44,1260.18 1 0
za/actor.go:1261.17,1261.27 1 0
za/actor.go:1261.27,1262.48 1 0
za/actor.go:1262.48,1264.22 1 0
za/actor.go:1264.27,1266.22 1 0
za/actor.go:1270.17,1270.67 1 0
za/actor.go:1270.67,1274.53 2 0
za/actor.go:1274.53,1276.22 1 0
za/actor.go:1278.21,1282.50 4 0
za/actor.go:1283.32,1284.37 1 0
za/actor.go:1285.33,1286.38 1 0
za/actor.go:1287.32,1288.37 1 0
za/actor.go:1289.33,1290.38 1 0
za/actor.go:1291.34,1292.39 1 0
za/actor.go:1293.35,1294.40 1 0
za/actor.go:1295.41,1296.38 1 0
za/actor.go:1297.44,1298.40 1 0
za/actor.go:1299.34,1300.37 1 0
za/actor.go:1301.32,1302.37 1 0
za/actor.go:1303.35,1305.56 2 0
za/actor.go:1306.34,1308.55 2 0
za/actor.go:1309.35,1311.56 2 0
za/actor.go:1312.48,1314.58 2 0
za/actor.go:1315.36,1317.59 2 0
za/actor.go:1318.37,1320.58 2 0
za/actor.go:1321.45,1323.57 2 0
za/actor.go:1324.66,1326.55 2 0
za/actor.go:1327.32,1330.47 3 0
za/actor.go:1331.33,1333.47 2 0
za/actor.go:1334.33,1336.49 2 0
za/actor.go:1337.35,1339.60 2 0
za/actor.go:1340.35,1342.62 2 0
za/actor.go:1348.21,1348.65 1 0
za/actor.go:1348.65,1353.61 2 0
za/actor.go:1353.61,1354.44 1 0
za/actor.go:1355.40,1356.59 1 0
za/actor.go:1357.40,1358.61 1 0
za/actor.go:1360.29,1360.52 1 0
za/actor.go:1361.55,1362.45 1 0
za/actor.go:1363.37,1365.55 2 0
za/actor.go:1367.31,1371.74 3 0
za/actor.go:1371.74,1374.38 3 0
za/actor.go:1375.35,1377.30 1 0
za/actor.go:1382.21,1382.36 1 0
za/actor.go:1385.23,1395.33 6 0
za/actor.go:1395.33,1396.49 1 0
za/actor.go:1396.49,1397.54 1 0
za/actor.go:1397.54,1399.30 1 0
za/actor.go:1412.21,1412.51 1 0
za/actor.go:1412.51,1413.38 1 0
za/actor.go:1413.38,1416.34 3 0
za/actor.go:1420.21,1420.33 1 0
za/actor.go:1420.33,1423.37 3 0
za/actor.go:1423.37,1426.34 3 0
za/actor.go:1428.25,1432.40 5 0
za/actor.go:1434.27,1437.30 3 0
za/actor.go:1444.20,1446.39 1 0
za/actor.go:1447.20,1448.26 1 0
za/actor.go:1449.20,1451.36 2 0
za/actor.go:1452.30,1453.31 1 0
za/actor.go:1454.33,1455.53 1 0
za/actor.go:1456.33,1457.35 1 0
za/actor.go:1458.32,1459.45 1 0
za/actor.go:1459.45,1461.26 1 0
za/actor.go:1462.29,1464.50 2 0
za/actor.go:1466.25,1468.46 2 0
za/actor.go:1470.20,1473.37 3 0
za/actor.go:1474.30,1475.44 1 0
za/actor.go:1476.29,1477.41 1 0
za/actor.go:1478.32,1479.41 1 0
za/actor.go:1480.25,1482.46 2 0
za/actor.go:1484.21,1486.42 2 0
za/actor.go:1491.26,1492.39 1 0
za/actor.go:1493.20,1497.33 4 0
za/actor.go:1498.21,1500.42 2 0
za/actor.go:1504.22,1511.26 4 0
za/actor.go:1511.26,1514.22 3 0
za/actor.go:1522.13,1525.38 3 0
za/actor.go:1525.38,1528.14 2 0
za/actor.go:1528.19,1532.33 3 0
za/actor.go:1532.33,1535.26 3 0
za/actor.go:1538.17,1538.41 1 0
za/actor.go:1539.27,1540.43 1 0
za/actor.go:1541.25,1544.26 3 0
za/actor.go:1549.13,1549.35 1 0
za/actor.go:1549.35,1554.22 4 0
za/actor.go:1555.19,1558.14 1 0
za/actor.go:1561.25,1567.55 2 0
za/actor.go:1567.55,1570.22 3 0
za/actor.go:1574.13,1574.35 1 0
za/actor.go:1574.35,1580.34 6 0
za/actor.go:1580.34,1581.51 1 0
za/actor.go:1582.57,1583.55 1 0
za/actor.go:1587.17,1587.22 1 0
za/actor.go:1591.13,1592.29 2 0
za/actor.go:1592.29,1595.22 3 0
za/actor.go:1598.13,1598.33 1 0
za/actor.go:1598.33,1601.14 1 0
za/actor.go:1601.19,1605.14 2 0
za/actor.go:1608.24,1610.36 1 0
za/actor.go:1610.36,1613.22 3 0
za/actor.go:1617.13,1619.107 3 0
za/actor.go:1619.107,1624.22 5 0
za/actor.go:1626.13,1627.51 2 0
za/actor.go:1630.24,1635.37 1 0
za/actor.go:1635.37,1638.22 3 0
za/actor.go:1641.13,1643.55 3 0
za/actor.go:1643.55,1650.48 4 0
za/actor.go:1650.48,1652.18 1 0
za/actor.go:1654.17,1655.56 2 0
za/actor.go:1655.56,1657.18 1 0
za/actor.go:1658.17,1658.28 1 0
za/actor.go:1658.28,1661.26 3 0
za/actor.go:1665.13,1665.53 1 0
za/actor.go:1665.53,1668.22 3 0
za/actor.go:1671.13,1671.56 1 0
za/actor.go:1671.56,1674.22 3 0
za/actor.go:1677.13,1681.51 3 0
za/actor.go:1684.119,1687.33 2 0
za/actor.go:1687.33,1690.26 3 0
za/actor.go:1694.17,1694.41 1 0
za/actor.go:1695.75,1697.99 1 0
za/actor.go:1698.29,1698.29 0 0
za/actor.go:1699.25,1700.68 1 0
za/actor.go:1700.68,1703.30 3 0
za/actor.go:1707.17,1708.45 2 0
za/actor.go:1709.29,1710.30 1 0
za/actor.go:1711.31,1712.30 1 0
za/actor.go:1713.29,1714.30 1 0
za/actor.go:1715.28,1716.30 1 0
za/actor.go:1717.32,1718.30 1 0
za/actor.go:1719.29,1720.30 1 0
za/actor.go:1721.28,1722.30 1 0
za/actor.go:1723.33,1724.30 1 0
za/actor.go:1725.35,1726.30 1 0
za/actor.go:1727.31,1728.30 1 0
za/actor.go:1729.35,1730.30 1 0
za/actor.go:1731.44,1732.30 1 0
za/actor.go:1733.40,1734.30 1 0
za/actor.go:1735.37,1736.30 1 0
za/actor.go:1737.40,1738.30 1 0
za/actor.go:1739.38,1740.30 1 0
za/actor.go:1741.37,1742.30 1 0
za/actor.go:1743.41,1744.30 1 0
za/actor.go:1745.38,1746.30 1 0
za/actor.go:1747.42,1748.30 1 0
za/actor.go:1749.40,1750.30 1 0
za/actor.go:1751.39,1752.30 1 0
za/actor.go:1753.40,1754.30 1 0
za/actor.go:1755.43,1756.30 1 0
za/actor.go:1757.39,1758.30 1 0
za/actor.go:1759.37,1760.30 1 0
za/actor.go:1761.30,1762.30 1 0
za/actor.go:1763.28,1764.30 1 0
za/actor.go:1765.25,1766.54 1 0
za/actor.go:1769.17,1770.30 2 0
za/actor.go:1770.30,1773.26 3 0
za/actor.go:1777.17,1777.25 1 0
za/actor.go:1777.25,1779.26 2 0
za/actor.go:1782.17,1784.41 2 0
za/actor.go:1786.29,1792.58 2 0
za/actor.go:1792.58,1794.22 1 0
za/actor.go:1797.21,1797.48 1 0
za/actor.go:1797.48,1799.22 1 0
za/actor.go:1799.27,1801.22 1 0
za/actor.go:1803.21,1803.52 1 0
za/actor.go:1803.52,1807.22 3 0
za/actor.go:1809.41,1810.64 1 0
za/actor.go:1810.64,1815.40 2 0
za/actor.go:1815.40,1818.26 2 0
za/actor.go:1819.25,1819.77 1 0
za/actor.go:1822.37,1823.60 1 0
za/actor.go:1823.60,1825.40 2 0
za/actor.go:1825.40,1828.26 2 0
za/actor.go:1829.25,1829.73 1 0
za/actor.go:1832.44,1833.67 1 0
za/actor.go:1833.67,1835.40 2 0
za/actor.go:1835.40,1838.26 2 0
za/actor.go:1839.25,1839.80 1 0
za/actor.go:1842.40,1843.63 1 0
za/actor.go:1843.63,1845.40 2 0
za/actor.go:1845.40,1848.26 2 0
za/actor.go:1849.25,1849.76 1 0
za/actor.go:1852.38,1853.61 1 0
za/actor.go:1853.61,1855.40 2 0
za/actor.go:1855.40,1858.26 2 0
za/actor.go:1859.25,1859.74 1 0
za/actor.go:1862.38,1863.61 1 0
za/actor.go:1863.61,1865.40 2 0
za/actor.go:1865.40,1868.26 2 0
za/actor.go:1869.25,1869.74 1 0
za/actor.go:1872.37,1873.60 1 0
za/actor.go:1873.60,1878.40 2 0
za/actor.go:1878.40,1881.26 2 0
za/actor.go:1882.25,1882.73 1 0
za/actor.go:1885.40,1887.63 1 0
za/actor.go:1887.63,1892.40 2 0
za/actor.go:1892.40,1895.26 2 0
za/actor.go:1896.25,1896.76 1 0
za/actor.go:1899.42,1901.65 1 0
za/actor.go:1901.65,1907.40 2 0
za/actor.go:1907.40,1910.26 2 0
za/actor.go:1911.25,1911.78 1 0
za/actor.go:1914.32,1916.55 1 0
za/actor.go:1916.55,1920.22 3 0
za/actor.go:1922.30,1924.55 2 0
za/actor.go:1924.55,1928.22 3 0
za/actor.go:1930.29,1931.52 1 0
za/actor.go:1931.52,1935.22 3 0
za/actor.go:1937.29,1938.52 1 0
za/actor.go:1938.52,1942.22 3 0
za/actor.go:1944.28,1945.51 1 0
za/actor.go:1945.51,1949.22 3 0
za/actor.go:1951.33,1952.56 1 0
za/actor.go:1952.56,1956.22 3 0
za/actor.go:1958.35,1959.58 1 0
za/actor.go:1959.58,1963.22 3 0
za/actor.go:1965.26,1967.51 2 0
za/actor.go:1967.51,1971.22 3 0
za/actor.go:1973.31,1974.54 1 0
za/actor.go:1974.54,1978.22 3 0
za/actor.go:1980.28,1981.51 1 0
za/actor.go:1981.51,1985.22 3 0
za/actor.go:1987.31,1988.54 1 0
za/actor.go:1988.54,1992.22 3 0
za/actor.go:1994.35,1995.58 1 0
za/actor.go:1995.58,1999.22 3 0
za/actor.go:2001.30,2002.53 1 0
za/actor.go:2002.53,2006.22 3 0
za/actor.go:2008.39,2010.62 1 0
za/actor.go:2010.62,2014.22 3 0
za/actor.go:2016.37,2018.60 1 0
za/actor.go:2018.60,2024.40 2 0
za/actor.go:2024.40,2027.26 2 0
za/actor.go:2028.25,2028.73 1 0
za/actor.go:2031.28,2033.51 1 0
za/actor.go:2033.51,2038.42 4 0
za/actor.go:2038.42,2044.26 5 0
za/actor.go:2046.25,2047.52 2 0
za/actor.go:2047.52,2048.86 1 0
za/actor.go:2048.86,2050.30 1 0
za/actor.go:2053.25,2053.64 1 0
za/actor.go:2056.25,2059.26 3 0
za/actor.go:2063.17,2071.18 3 0
za/actor.go:2073.21,2076.26 3 0
za/actor.go:2081.20,2092.34 6 0
za/actor.go:2092.34,2097.42 5 0
za/actor.go:2097.42,2099.71 1 0
za/actor.go:2099.71,2100.70 1 0
za/actor.go:2100.70,2103.56 3 0
za/actor.go:2103.56,2105.30 1 0
za/actor.go:2106.29,2106.34 1 0
za/actor.go:2109.21,2109.37 1 0
za/actor.go:2109.37,2112.30 3 0
za/actor.go:2115.17,2119.30 3 0
za/actor.go:2119.30,2122.26 3 0
za/actor.go:2125.17,2132.61 3 0
za/actor.go:2136.13,2136.28 1 0
za/actor.go:2136.28,2138.79 1 0
za/actor.go:2138.79,2142.26 3 0
za/actor.go:2145.17,2146.31 2 0
za/actor.go:2146.31,2149.26 3 0
za/actor.go:2152.17,2154.33 3 0
za/actor.go:2154.33,2156.18 1 0
za/actor.go:2158.17,2162.27 3 0
za/actor.go:2162.27,2164.51 2 0
za/actor.go:2164.51,2166.22 1 0
za/actor.go:2166.27,2169.30 3 0
za/actor.go:2171.23,2174.26 3 0
za/actor.go:2177.17,2177.46 1 0
za/actor.go:2177.46,2178.33 1 0
za/actor.go:2178.33,2180.22 1 0
za/actor.go:2180.27,2182.22 1 0
za/actor.go:2183.21,2183.51 1 0
za/actor.go:2183.51,2185.22 1 0
za/actor.go:2185.27,2188.30 3 0
za/actor.go:2190.23,2193.26 3 0
za/actor.go:2196.17,2196.28 1 0
za/actor.go:2196.28,2197.52 1 0
za/actor.go:2197.52,2199.55 2 0
za/actor.go:2199.55,2201.26 1 0
za/actor.go:2201.31,2204.34 3 0
za/actor.go:2206.27,2209.30 3 0
za/actor.go:2213.17,2214.28 2 0
za/actor.go:2214.28,2216.18 1 0
za/actor.go:2217.17,2217.30 1 0
za/actor.go:2217.30,2220.26 3 0
za/actor.go:2223.17,2224.29 2 0
za/actor.go:2224.29,2226.18 1 0
za/actor.go:2229.17,2230.30 2 0
za/actor.go:2230.30,2233.26 3 0
za/actor.go:2239.17,2261.34 7 0
za/actor.go:2262.30,2263.36 1 0
za/actor.go:2263.36,2265.30 2 0
za/actor.go:2267.30,2268.36 1 0
za/actor.go:2268.36,2270.30 2 0
za/actor.go:2276.23,2281.54 2 0
za/actor.go:2281.54,2282.100 1 0
za/actor.go:2282.100,2285.26 3 0
za/actor.go:2289.13,2293.53 2 0
za/actor.go:2293.53,2295.45 1 0
za/actor.go:2297.33,2302.62 2 0
za/actor.go:2302.62,2304.22 1 0
za/actor.go:2306.21,2308.66 2 0
za/actor.go:2308.66,2310.22 1 0
za/actor.go:2310.27,2314.65 1 0
za/actor.go:2317.213,2318.63 1 0
za/actor.go:2318.63,2321.30 2 0
za/actor.go:2323.37,2325.127 2 0
za/actor.go:2326.36,2328.126 2 0
za/actor.go:2329.37,2331.128 2 0
za/actor.go:2332.39,2334.129 2 0
za/actor.go:2335.39,2337.129 2 0
za/actor.go:2338.39,2340.129 2 0
za/actor.go:2341.36,2343.126 2 0
za/actor.go:2344.43,2346.133 2 0
za/actor.go:2347.40,2349.130 2 0
za/actor.go:2350.41,2352.131 2 0
za/actor.go:2353.43,2355.133 2 0
za/actor.go:2356.38,2358.128 2 0
za/actor.go:2359.47,2361.137 2 0
za/actor.go:2362.36,2364.126 2 0
za/actor.go:2365.33,2368.72 2 0
za/actor.go:2371.25,2372.42 2 0
za/actor.go:2372.42,2377.26 4 0
za/actor.go:2379.25,2380.52 2 0
za/actor.go:2380.52,2381.86 1 0
za/actor.go:2381.86,2383.30 1 0
za/actor.go:2389.29,2391.49 1 0
za/actor.go:2391.49,2394.63 1 0
za/actor.go:2394.63,2396.54 2 0
za/actor.go:2396.54,2399.38 3 0
za/actor.go:2404.25,2404.58 1 0
za/actor.go:2404.58,2406.49 2 0
za/actor.go:2406.49,2409.38 3 0
za/actor.go:2411.29,2412.57 2 0
za/actor.go:2413.39,2414.57 1 0
za/actor.go:2414.57,2416.34 1 0
za/actor.go:2417.37,2420.38 3 0
za/actor.go:2424.27,2428.57 2 0
za/actor.go:2429.38,2430.74 1 0
za/actor.go:2430.74,2432.75 2 0
za/actor.go:2432.75,2434.34 1 0
za/actor.go:2435.33,2435.47 1 0
za/actor.go:2437.38,2438.74 1 0
za/actor.go:2438.74,2440.75 2 0
za/actor.go:2440.75,2442.34 1 0
za/actor.go:2443.33,2443.47 1 0
za/actor.go:2448.25,2448.66 1 0
za/actor.go:2448.66,2450.113 2 0
za/actor.go:2450.113,2452.30 1 0
za/actor.go:2456.25,2456.64 1 0
za/actor.go:2456.64,2458.26 1 0
za/actor.go:2464.19,2466.133 1 0
za/actor.go:2466.133,2471.18 3 0
za/actor.go:2474.13,2474.24 1 0
za/actor.go:2474.24,2480.34 5 0
za/actor.go:2480.34,2482.38 2 0
za/actor.go:2482.38,2483.55 1 0
za/actor.go:2484.61,2485.59 1 0
za/actor.go:2489.19,2492.14 1 0
za/actor.go:2495.25,2499.27 1 0
za/actor.go:2499.27,2502.14 2 0
za/actor.go:2502.19,2509.47 1 0
za/actor.go:2510.39,2512.58 2 0
za/actor.go:2514.30,2516.64 2 0
za/actor.go:2518.29,2523.45 2 0
za/actor.go:2530.22,2544.37 2 0
za/actor.go:2544.37,2547.42 1 0
za/actor.go:2547.42,2554.54 4 0
za/actor.go:2555.33,2559.60 4 0
za/actor.go:2560.32,2564.62 4 0
za/actor.go:2565.36,2569.62 4 0
za/actor.go:2570.34,2574.66 4 0
za/actor.go:2576.21,2576.27 1 0
za/actor.go:2576.27,2580.30 3 0
za/actor.go:2582.21,2582.31 1 0
za/actor.go:2582.31,2584.33 1 0
za/actor.go:2589.17,2589.30 1 0
za/actor.go:2589.30,2592.54 2 0
za/actor.go:2593.30,2594.61 1 0
za/actor.go:2596.29,2599.30 3 0
za/actor.go:2603.17,2603.29 1 0
za/actor.go:2603.29,2605.74 1 0
za/actor.go:2605.74,2609.40 2 0
za/actor.go:2609.40,2611.26 1 0
za/actor.go:2612.25,2612.41 1 0
za/actor.go:2612.42,2613.26 0 0
za/actor.go:2614.25,2614.59 1 0
za/actor.go:2614.59,2615.34 1 0
za/actor.go:2626.13,2628.43 2 0
za/actor.go:2630.24,2632.32 2 0
za/actor.go:2634.28,2636.36 2 0
za/actor.go:2638.26,2640.34 2 0
za/actor.go:2642.25,2644.33 2 0
za/actor.go:2646.21,2651.22 3 0
za/actor.go:2655.21,2659.121 1 0
za/actor.go:2659.121,2662.22 3 0
za/actor.go:2665.13,2678.32 11 0
za/actor.go:2678.32,2680.37 1 0
za/actor.go:2680.37,2681.43 1 0
za/actor.go:2682.30,2683.48 1 0
za/actor.go:2684.31,2685.49 1 0
za/actor.go:2686.32,2687.50 1 0
za/actor.go:2688.34,2689.52 1 0
za/actor.go:2690.29,2694.40 3 0
za/actor.go:2697.21,2701.38 5 0
za/actor.go:2703.23,2706.40 1 0
za/actor.go:2706.40,2707.58 1 0
za/actor.go:2707.58,2711.49 2 0
za/actor.go:2711.49,2714.48 3 0
za/actor.go:2717.29,2723.46 6 0
za/actor.go:2726.31,2730.44 3 0
za/actor.go:2737.22,2739.39 1 0
za/actor.go:2739.39,2742.14 2 0
za/actor.go:2742.19,2744.44 2 0
za/actor.go:2744.44,2745.40 1 0
za/actor.go:2745.40,2747.66 2 0
za/actor.go:2747.66,2749.26 1 0
za/actor.go:2749.31,2752.34 3 0
za/actor.go:2754.27,2757.30 3 0
za/actor.go:2763.21,2765.40 1 0
za/actor.go:2765.40,2767.38 2 0
za/actor.go:2767.38,2769.39 2 0
za/actor.go:2769.39,2769.50 1 0
za/actor.go:2770.21,2770.93 1 0
za/actor.go:2772.17,2772.22 1 0
za/actor.go:2775.13,2775.59 1 0
za/actor.go:2776.24,2777.44 1 0
za/actor.go:2777.44,2780.26 3 0
za/actor.go:2783.17,2786.34 4 0
za/actor.go:2788.27,2790.44 1 0
za/actor.go:2790.44,2793.26 3 0
za/actor.go:2796.17,2798.38 2 0
za/actor.go:2799.29,2802.37 2 0
za/actor.go:2804.25,2807.26 3 0
za/actor.go:2810.27,2825.84 9 0
za/actor.go:2825.84,2828.26 3 0
za/actor.go:2831.17,2832.32 3 0
za/actor.go:2832.32,2834.54 2 0
za/actor.go:2834.54,2836.22 1 0
za/actor.go:2840.17,2842.29 2 0
za/actor.go:2842.29,2844.18 1 0
za/actor.go:2844.23,2846.18 1 0
za/actor.go:2848.17,2848.39 1 0
za/actor.go:2848.39,2851.18 2 0
za/actor.go:2851.23,2852.33 1 0
za/actor.go:2852.33,2854.22 1 0
za/actor.go:2857.17,2863.29 7 0
za/actor.go:2863.29,2865.18 1 0
za/actor.go:2866.17,2866.29 1 0
za/actor.go:2866.29,2868.18 1 0
za/actor.go:2870.17,2870.100 1 0
za/actor.go:2870.100,2873.26 3 0
za/actor.go:2876.17,2881.29 6 0
za/actor.go:2881.29,2881.63 1 0
za/actor.go:2882.17,2882.29 1 0
za/actor.go:2882.29,2882.63 1 0
za/actor.go:2884.17,2884.65 1 0
za/actor.go:2884.65,2887.26 3 0
za/actor.go:2890.17,2890.54 1 0
za/actor.go:2890.54,2893.26 3 0
za/actor.go:2896.17,2897.30 2 0
za/actor.go:2899.26,2900.41 1 0
za/actor.go:2900.41,2907.18 6 0
za/actor.go:2909.27,2910.37 1 0
za/actor.go:2912.21,2914.42 2 0
za/actor.go:2918.22,2931.81 2 0
za/actor.go:2931.81,2934.14 2 0
za/actor.go:2934.19,2936.14 1 0
za/actor.go:2939.22,2943.37 2 0
za/actor.go:2943.37,2946.22 3 0
za/actor.go:2949.13,2951.30 2 0
za/actor.go:2951.30,2953.40 1 0
za/actor.go:2953.40,2955.18 1 0
za/actor.go:2955.23,2957.18 1 0
za/actor.go:2959.17,2961.31 2 0
za/actor.go:2961.31,2964.26 3 0
za/actor.go:2967.17,2967.32 1 0
za/actor.go:2969.19,2972.22 3 0
za/actor.go:2976.20,2978.25 1 0
za/actor.go:2978.25,2979.43 1 0
za/actor.go:2979.43,2983.58 4 0
za/actor.go:2983.58,2986.74 2 0
za/actor.go:2986.74,2986.87 1 0
za/actor.go:2987.25,2987.74 1 0
za/actor.go:2987.74,2987.87 1 0
za/actor.go:2988.25,2988.100 1 0
za/actor.go:2988.100,2991.45 3 0
za/actor.go:2991.59,2991.109 1 0
za/actor.go:2992.29,2993.37 2 0
za/actor.go:2997.21,2997.80 1 0
za/actor.go:3003.21,3010.25 3 0
za/actor.go:3010.25,3012.74 1 0
za/actor.go:3012.74,3016.26 4 0
za/actor.go:3019.17,3019.71 1 0
za/actor.go:3019.71,3023.26 4 0
za/actor.go:3026.17,3027.44 2 0
za/actor.go:3027.44,3028.76 1 0
za/actor.go:3028.76,3032.30 4 0
za/actor.go:3033.27,3034.71 1 0
za/actor.go:3035.37,3036.49 1 0
za/actor.go:3037.41,3038.53 1 0
za/actor.go:3039.33,3043.34 4 0
za/actor.go:3048.17,3053.41 4 0
za/actor.go:3053.41,3054.97 1 0
za/actor.go:3054.97,3059.22 4 0
za/actor.go:3060.23,3062.95 1 0
za/actor.go:3062.95,3067.22 4 0
za/actor.go:3071.13,3071.30 1 0
za/actor.go:3074.24,3079.30 4 0
za/actor.go:3082.19,3087.39 1 0
za/actor.go:3087.39,3090.31 2 0
za/actor.go:3090.31,3093.18 2 0
za/actor.go:3093.23,3095.51 1 0
za/actor.go:3095.51,3098.41 2 0
za/actor.go:3098.41,3101.34 3 0
za/actor.go:3104.25,3104.49 1 0
za/actor.go:3105.35,3106.49 1 0
za/actor.go:3106.49,3118.50 8 0
za/actor.go:3122.33,3126.34 4 0
za/actor.go:3132.19,3135.14 2 0
za/actor.go:3138.23,3140.39 1 0
za/actor.go:3140.39,3143.14 2 0
za/actor.go:3143.19,3148.30 3 0
za/actor.go:3148.30,3152.26 3 0
za/actor.go:3155.17,3155.33 1 0
za/actor.go:3155.33,3158.26 3 0
za/actor.go:3161.17,3162.41 2 0
za/actor.go:3163.27,3167.41 3 0
za/actor.go:3167.41,3169.22 1 0
za/actor.go:3170.21,3170.40 1 0
za/actor.go:3170.40,3172.22 1 0
za/actor.go:3174.21,3174.42 1 0
za/actor.go:3174.42,3175.40 1 0
za/actor.go:3175.40,3179.34 4 0
za/actor.go:3182.25,3187.48 5 0
za/actor.go:3187.48,3189.26 1 0
za/actor.go:3190.25,3190.49 1 0
za/actor.go:3191.37,3193.54 2 0
za/actor.go:3194.41,3195.113 1 0
za/actor.go:3197.27,3198.39 1 0
za/actor.go:3198.39,3203.26 3 0
za/actor.go:3206.17,3206.34 1 0
za/actor.go:3211.21,3213.40 2 0
za/actor.go:3213.40,3215.14 1 0
za/actor.go:3216.13,3216.39 1 0
za/actor.go:3218.20,3218.20 0 0
za/actor.go:3221.22,3226.37 1 0
za/actor.go:3226.37,3230.22 4 0
za/actor.go:3233.13,3238.59 4 0
za/actor.go:3238.59,3241.14 2 0
za/actor.go:3243.13,3245.55 2 0
za/actor.go:3245.55,3248.14 2 0
za/actor.go:3252.13,3253.60 2 0
za/actor.go:3253.60,3254.55 1 0
za/actor.go:3254.55,3256.26 2 0
za/actor.go:3260.13,3260.32 1 0
za/actor.go:3260.32,3263.14 2 0
za/actor.go:3265.13,3269.52 3 0
za/actor.go:3269.52,3272.29 3 0
za/actor.go:3272.29,3275.26 3 0
za/actor.go:3279.13,3281.23 2 0
za/actor.go:3281.23,3284.45 2 0
za/actor.go:3284.45,3285.37 1 0
za/actor.go:3285.37,3289.22 2 0
za/actor.go:3292.17,3292.30 1 0
za/actor.go:3292.30,3295.26 3 0
za/actor.go:3301.17,3301.35 1 0
za/actor.go:3301.35,3303.18 1 0
za/actor.go:3303.23,3306.35 2 0
za/actor.go:3306.35,3308.22 1 0
za/actor.go:3308.27,3310.22 1 0
za/actor.go:3313.19,3317.14 2 0
za/actor.go:3320.28,3324.39 1 0
za/actor.go:3324.39,3327.22 3 0
za/actor.go:3330.13,3334.39 4 0
za/actor.go:3335.20,3336.52 1 0
za/actor.go:3337.20,3339.69 2 0
za/actor.go:3340.21,3344.27 4 0
za/actor.go:3344.27,3348.33 3 0
za/actor.go:3348.33,3352.22 2 0
za/actor.go:3353.21,3353.32 1 0
za/actor.go:3357.13,3357.24 1 0
za/actor.go:3357.24,3358.51 1 0
za/actor.go:3358.51,3360.60 1 0
za/actor.go:3360.60,3364.22 2 0
za/actor.go:3365.23,3368.18 2 0
za/actor.go:3372.24,3373.22 1 0
za/actor.go:3376.21,3377.39 1 0
za/actor.go:3377.39,3380.48 3 0
za/actor.go:3380.48,3381.43 1 0
za/actor.go:3382.33,3383.50 1 0
za/actor.go:3386.17,3386.48 1 0
za/actor.go:3386.48,3389.37 3 0
za/actor.go:3389.37,3391.22 1 0
za/actor.go:3391.27,3394.22 2 0
za/actor.go:3396.19,3398.14 1 0
za/actor.go:3401.23,3403.39 1 0
za/actor.go:3403.39,3405.29 1 0
za/actor.go:3405.29,3408.26 3 0
za/actor.go:3411.17,3415.31 4 0
za/actor.go:3415.31,3418.18 2 0
za/actor.go:3422.17,3425.43 3 0
za/actor.go:3425.43,3431.41 4 0
za/actor.go:3431.41,3433.49 2 0
za/actor.go:3433.49,3437.26 2 0
za/actor.go:3442.17,3443.39 2 0
za/actor.go:3443.39,3444.42 1 0
za/actor.go:3444.42,3448.30 4 0
za/actor.go:3451.17,3451.34 1 0
za/actor.go:3451.34,3451.41 1 0
za/actor.go:3454.17,3472.34 10 0
za/actor.go:3478.24,3480.40 1 0
za/actor.go:3480.40,3483.58 2 0
za/actor.go:3483.58,3484.34 1 0
za/actor.go:3484.34,3486.50 2 0
za/actor.go:3486.50,3487.55 1 0
za/actor.go:3487.55,3489.30 1 0
za/actor.go:3492.23,3495.64 3 0
za/actor.go:3495.64,3497.22 1 0
za/actor.go:3497.27,3500.22 2 0
za/actor.go:3503.19,3505.68 1 0
za/actor.go:3505.68,3508.34 3 0
za/actor.go:3508.34,3510.22 1 0
za/actor.go:3511.21,3512.32 2 0
za/actor.go:3514.17,3514.25 1 0
za/actor.go:3529.23,3539.38 7 0
za/actor.go:3539.38,3541.39 2 0
za/actor.go:3541.39,3541.52 1 0
za/actor.go:3542.17,3542.39 1 0
za/actor.go:3542.39,3542.52 1 0
za/actor.go:3543.17,3543.43 1 0
za/actor.go:3543.43,3543.56 1 0
za/actor.go:3544.17,3544.44 1 0
za/actor.go:3544.44,3544.57 1 0
za/actor.go:3545.17,3545.80 1 0
za/actor.go:3545.80,3549.48 4 0
za/actor.go:3549.48,3551.22 1 0
za/actor.go:3554.13,3558.39 2 0
za/actor.go:3558.39,3565.95 4 0
za/actor.go:3565.95,3566.83 1 0
za/actor.go:3566.83,3569.59 2 0
za/actor.go:3569.59,3571.26 1 0
za/actor.go:3575.17,3575.30 1 0
za/actor.go:3575.30,3579.49 3 0
za/actor.go:3579.49,3581.41 2 0
za/actor.go:3581.41,3581.67 2 0
za/actor.go:3584.21,3584.43 1 0
za/actor.go:3584.43,3586.22 1 0
za/actor.go:3589.21,3589.38 1 0
za/actor.go:3589.38,3593.41 4 0
za/actor.go:3599.13,3601.41 3 0
za/actor.go:3601.41,3603.31 2 0
za/actor.go:3603.31,3606.26 3 0
za/actor.go:3611.13,3612.18 2 0
za/actor.go:3614.23,3616.26 1 0
za/actor.go:3616.26,3619.22 3 0
za/actor.go:3622.13,3623.32 2 0
za/actor.go:3627.22,3634.39 1 0
za/actor.go:3634.39,3639.22 5 0
za/actor.go:3642.13,3647.41 5 0
za/actor.go:3647.41,3651.14 3 0
za/actor.go:3653.13,3656.37 3 0
za/actor.go:3656.37,3658.31 2 0
za/actor.go:3658.31,3660.38 2 0
za/actor.go:3660.38,3662.22 1 0
za/actor.go:3663.23,3665.18 1 0
za/actor.go:3670.13,3670.37 1 0
za/actor.go:3671.26,3674.33 2 0
za/actor.go:3674.33,3677.26 3 0
za/actor.go:3679.17,3679.41 1 0
za/actor.go:3680.26,3680.26 0 0
za/actor.go:3681.25,3684.26 3 0
za/actor.go:3686.17,3688.24 2 0
za/actor.go:3688.24,3691.26 3 0
za/actor.go:3693.17,3693.38 1 0
za/actor.go:3693.38,3697.41 2 0
za/actor.go:3697.41,3697.84 1 0
za/actor.go:3700.21,3701.34 2 0
za/actor.go:3701.34,3703.22 1 0
za/actor.go:3703.27,3705.22 1 0
za/actor.go:3706.23,3710.18 2 0
za/actor.go:3712.27,3715.33 2 0
za/actor.go:3715.33,3718.26 3 0
za/actor.go:3720.17,3720.41 1 0
za/actor.go:3721.26,3721.26 0 0
za/actor.go:3722.25,3725.26 3 0
za/actor.go:3727.17,3729.38 2 0
za/actor.go:3729.38,3733.41 2 0
za/actor.go:3733.41,3733.84 1 0
za/actor.go:3736.21,3737.34 2 0
za/actor.go:3737.34,3739.22 1 0
za/actor.go:3739.27,3741.22 1 0
za/actor.go:3742.23,3743.49 1 0
za/actor.go:3743.49,3746.22 1 0
za/actor.go:3750.24,3752.54 1 0
za/actor.go:3767.23,3775.25 4 0
za/actor.go:3775.25,3777.47 1 0
za/actor.go:3777.47,3780.26 3 0
za/actor.go:3782.17,3783.61 2 0
za/actor.go:3784.19,3786.14 1 0
za/actor.go:3788.13,3788.39 1 0
za/actor.go:3788.39,3790.33 2 0
za/actor.go:3790.33,3793.26 3 0
za/actor.go:3795.19,3798.22 3 0
za/actor.go:3801.13,3803.40 2 0
za/actor.go:3803.40,3806.22 3 0
za/actor.go:3811.13,3813.54 2 0
za/actor.go:3813.54,3814.49 1 0
za/actor.go:3814.49,3816.18 1 0
za/actor.go:3816.23,3819.18 2 0
za/actor.go:3820.19,3827.50 3 0
za/actor.go:3827.50,3829.18 1 0
za/actor.go:3831.17,3831.83 1 0
za/actor.go:3836.13,3837.27 2 0
za/actor.go:3837.27,3840.22 3 0
za/actor.go:3842.13,3842.38 1 0
za/actor.go:3842.38,3845.22 3 0
za/actor.go:3849.13,3850.27 2 0
za/actor.go:3850.27,3853.22 3 0
za/actor.go:3857.13,3860.24 3 0
za/actor.go:3860.24,3863.14 2 0
za/actor.go:3863.19,3867.14 3 0
za/actor.go:3872.13,3872.66 1 0
za/actor.go:3872.66,3875.22 3 0
za/actor.go:3878.13,3878.49 1 0
za/actor.go:3878.49,3907.35 13 0
za/actor.go:3907.35,3912.18 4 0
za/actor.go:3912.23,3914.18 1 0
za/actor.go:3915.17,3925.35 8 0
za/actor.go:3925.35,3930.18 4 0
za/actor.go:3930.23,3932.18 1 0
za/actor.go:3934.17,3940.43 6 0
za/actor.go:3944.21,3949.34 1 0
za/actor.go:3949.34,3952.22 3 0
za/actor.go:3963.13,3965.19 2 0
za/actor.go:3965.19,3968.22 3 0
za/actor.go:3971.13,3971.26 1 0
za/actor.go:3971.26,3974.22 3 0
za/actor.go:3977.13,3977.37 1 0
za/actor.go:3977.37,3979.33 2 0
za/actor.go:3979.33,3982.26 3 0
za/actor.go:3988.13,3988.38 1 0
za/actor.go:3988.38,3990.14 1 0
za/actor.go:3992.13,3995.58 4 0
za/actor.go:3998.44,4000.62 1 0
za/actor.go:4000.62,4003.22 3 0
za/actor.go:4006.13,4008.33 2 0
za/actor.go:4008.33,4011.22 2 0
za/actor.go:4014.13,4014.39 1 0
za/actor.go:4014.39,4016.33 2 0
za/actor.go:4016.33,4019.26 3 0
za/actor.go:4023.13,4027.30 2 0
za/actor.go:4029.24,4032.41 1 0
za/actor.go:4033.27,4034.41 1 0
za/actor.go:4034.41,4039.22 3 0
za/actor.go:4040.25,4042.44 2 0
za/actor.go:4045.23,4046.46 1 0
za/actor.go:4046.46,4051.18 3 0
za/actor.go:4053.29,4056.44 2 0
za/actor.go:4057.29,4058.94 1 0
za/actor.go:4058.94,4063.22 3 0
za/actor.go:4064.26,4065.105 1 0
za/actor.go:4065.105,4070.22 3 0
za/actor.go:4073.23,4075.38 1 0
za/actor.go:4075.38,4078.18 2 0
za/actor.go:4078.23,4080.18 1 0
za/actor.go:4084.13,4088.26 2 0
za/actor.go:4088.27,4089.14 0 0
za/actor.go:4089.19,4098.28 6 0
za/actor.go:4098.28,4100.18 1 0
za/actor.go:4101.17,4101.29 1 0
za/actor.go:4101.29,4103.18 1 0
za/actor.go:4104.17,4104.28 1 0
za/actor.go:4104.28,4106.18 1 0
za/actor.go:4107.17,4107.28 1 0
za/actor.go:4107.28,4109.18 1 0
za/actor.go:4119.17,4119.65 1 0
za/actor.go:4119.65,4123.18 1 0
za/actor.go:4123.23,4126.18 1 0
za/actor.go:4129.17,4129.36 1 0
za/actor.go:4133.24,4136.75 1 0
za/actor.go:4136.75,4138.22 2 0
za/actor.go:4141.13,4148.30 7 0
za/actor.go:4148.30,4150.34 2 0
za/actor.go:4150.34,4151.51 1 0
za/actor.go:4152.57,4153.55 1 0
za/actor.go:4159.13,4159.28 1 0
za/actor.go:4159.28,4162.14 2 0
za/actor.go:4165.23,4176.27 1 0
za/actor.go:4176.27,4179.22 3 0
za/actor.go:4182.13,4182.38 1 0
za/actor.go:4182.38,4185.22 3 0
za/actor.go:4188.13,4189.28 2 0
za/actor.go:4191.26,4196.29 1 0
za/actor.go:4196.29,4199.22 3 0
za/actor.go:4204.13,4208.29 4 0
za/actor.go:4211.27,4217.37 2 0
za/actor.go:4217.37,4220.14 2 0
za/actor.go:4222.13,4222.39 1 0
za/actor.go:4222.39,4224.74 1 0
za/actor.go:4224.74,4224.84 1 0
za/actor.go:4226.17,4228.42 2 0
za/actor.go:4228.42,4230.18 1 0
za/actor.go:4231.17,4231.25 1 0
za/actor.go:4236.21,4239.40 1 0
za/actor.go:4239.40,4241.50 2 0
za/actor.go:4242.31,4243.50 1 0
za/actor.go:4243.50,4247.22 3 0
za/actor.go:4247.27,4251.22 2 0
za/actor.go:4252.29,4253.48 1 0
za/actor.go:4253.48,4257.22 3 0
za/actor.go:4257.27,4261.22 2 0
za/actor.go:4262.25,4265.36 3 0
za/actor.go:4267.17,4267.31 1 0
za/actor.go:4267.31,4267.38 1 0
za/actor.go:4268.17,4268.25 1 0
za/actor.go:4275.13,4275.39 1 0
za/actor.go:4275.39,4278.22 3 0
za/actor.go:4281.13,4282.27 2 0
za/actor.go:4282.27,4285.22 3 0
za/actor.go:4288.13,4292.39 4 0
za/actor.go:4292.39,4295.22 3 0
za/actor.go:4298.13,4298.41 1 0
za/actor.go:4298.41,4301.22 3 0
za/actor.go:4304.13,4305.25 2 0
za/actor.go:4305.25,4308.22 3 0
za/actor.go:4311.13,4318.26 6 0
za/actor.go:4318.26,4323.29 5 0
za/actor.go:4323.29,4326.18 2 0
za/actor.go:4330.24,4332.42 1 0
za/actor.go:4332.42,4335.25 3 0
za/actor.go:4338.13,4338.40 1 0
za/actor.go:4338.40,4341.25 3 0
za/actor.go:4344.13,4344.29 1 0
za/actor.go:4344.29,4347.22 3 0
za/actor.go:4350.13,4350.30 1 0
za/actor.go:4353.22,4354.107 1 0
za/actor.go:4356.24,4357.106 1 0
za/actor.go:4359.20,4360.100 1 0
za/actor.go:4363.21,4365.36 1 0
za/actor.go:4365.36,4367.14 1 0
za/actor.go:4369.19,4375.63 2 0
za/actor.go:4375.63,4378.14 2 0
za/actor.go:4378.19,4381.48 2 0
za/actor.go:4381.48,4383.18 1 0
za/actor.go:4385.17,4386.36 2 0
za/actor.go:4386.36,4388.18 1 0
za/actor.go:4390.17,4391.48 2 0
za/actor.go:4391.48,4393.18 1 0
za/actor.go:4395.17,4401.53 4 0
za/actor.go:4401.53,4403.18 1 0
za/actor.go:4408.23,4410.39 1 0
za/actor.go:4410.39,4414.22 4 0
za/actor.go:4418.13,4418.39 1 0
za/actor.go:4418.39,4419.58 1 0
za/actor.go:4419.58,4421.37 2 0
za/actor.go:4421.37,4424.30 3 0
za/actor.go:4426.21,4426.45 1 0
za/actor.go:4427.33,4429.62 2 0
za/actor.go:4431.23,4433.74 1 0
za/actor.go:4433.74,4435.43 2 0
za/actor.go:4435.43,4438.34 3 0
za/actor.go:4440.25,4440.67 1 0
za/actor.go:4442.27,4443.51 1 0
za/actor.go:4443.51,4446.34 3 0
za/actor.go:4447.31,4453.89 4 0
za/actor.go:4453.89,4455.51 2 0
za/actor.go:4455.51,4458.42 3 0
za/actor.go:4459.39,4461.47 2 0
za/actor.go:4461.47,4464.46 3 0
za/actor.go:4468.29,4469.48 2 0
za/actor.go:4469.48,4469.73 1 0
za/actor.go:4472.29,4474.44 3 0
za/actor.go:4474.44,4476.55 2 0
za/actor.go:4476.55,4479.42 3 0
za/actor.go:4480.39,4482.34 1 0
za/actor.go:4486.29,4488.42 3 0
za/actor.go:4488.42,4491.38 3 0
za/actor.go:4494.29,4494.53 1 0
za/actor.go:4494.53,4501.46 5 0
za/actor.go:4501.46,4503.34 1 0
za/actor.go:4504.33,4504.46 1 0
za/actor.go:4504.46,4506.34 1 0
za/actor.go:4508.33,4508.49 1 0
za/actor.go:4508.49,4510.60 2 0
za/actor.go:4510.60,4513.46 3 0
za/actor.go:4515.37,4515.58 1 0
za/actor.go:4516.49,4517.68 1 0
za/actor.go:4519.37,4521.62 3 0
za/actor.go:4521.62,4525.38 3 0
za/actor.go:4526.37,4526.48 1 0
za/actor.go:4526.48,4528.38 1 0
za/actor.go:4529.39,4534.34 4 0
za/actor.go:4535.33,4535.43 1 0
za/actor.go:4535.43,4537.34 1 0
za/actor.go:4544.24,4546.39 1 0
za/actor.go:4546.39,4549.22 3 0
za/actor.go:4552.13,4552.59 1 0
za/actor.go:4554.24,4555.39 1 0
za/actor.go:4557.23,4559.44 2 0
za/actor.go:4559.44,4561.37 2 0
za/actor.go:4561.37,4564.30 3 0
za/actor.go:4566.21,4567.45 2 0
za/actor.go:4570.26,4571.42 1 0
za/actor.go:4573.25,4574.43 1 0
za/actor.go:4576.29,4577.29 1 0
za/actor.go:4577.29,4578.47 1 0
za/actor.go:4578.47,4580.41 2 0
za/actor.go:4580.41,4583.34 3 0
za/actor.go:4585.25,4588.37 4 0
za/actor.go:4588.37,4590.26 1 0
za/actor.go:4591.25,4592.37 2 0
za/actor.go:4592.37,4595.26 2 0
za/actor.go:4596.27,4599.22 2 0
za/actor.go:4602.31,4603.43 1 0
za/actor.go:4603.43,4605.37 2 0
za/actor.go:4605.37,4608.30 3 0
za/actor.go:4610.21,4615.35 5 0
za/actor.go:4615.35,4617.22 1 0
za/actor.go:4618.21,4618.76 1 0
za/actor.go:4619.23,4622.18 2 0
za/actor.go:4624.24,4625.43 1 0
za/actor.go:4625.43,4626.67 1 0
za/actor.go:4627.44,4628.37 1 0
za/actor.go:4629.46,4630.38 1 0
za/actor.go:4631.29,4633.48 2 0
za/actor.go:4635.23,4638.18 2 0
za/actor.go:4640.28,4641.44 1 0
za/actor.go:4641.44,4643.37 2 0
za/actor.go:4643.37,4646.30 3 0
za/actor.go:4648.21,4648.61 1 0
za/actor.go:4649.23,4651.18 1 0
za/actor.go:4653.21,4655.42 2 0
za/actor.go:4659.20,4661.40 1 0
za/actor.go:4661.40,4668.14 6 0
za/actor.go:4668.19,4669.44 1 0
za/actor.go:4669.44,4671.47 2 0
za/actor.go:4671.47,4673.22 1 0
za/actor.go:4674.21,4677.36 4 0
za/actor.go:4682.19,4688.44 3 0
za/actor.go:4688.44,4695.14 6 0
za/actor.go:4695.19,4700.14 5 0
za/actor.go:4702.13,4702.32 1 0
za/actor.go:4702.32,4705.22 3 0
za/actor.go:4709.13,4710.25 2 0
za/actor.go:4710.25,4713.22 3 0
za/actor.go:4716.13,4716.51 1 0
za/actor.go:4716.51,4718.22 1 0
za/actor.go:4719.19,4720.62 1 0
za/actor.go:4720.62,4722.18 1 0
za/actor.go:4722.23,4724.18 1 0
za/actor.go:4728.21,4735.25 2 0
za/actor.go:4735.25,4737.14 1 0
za/actor.go:4737.19,4740.14 2 0
za/actor.go:4743.22,4743.22 0 0
za/actor.go:4748.17,4752.39 1 0
za/actor.go:4752.39,4754.141 1 0
za/actor.go:4754.141,4755.47 1 0
za/actor.go:4755.47,4761.58 3 0
za/actor.go:4762.43,4763.105 1 0
za/actor.go:4765.46,4766.105 1 0
za/actor.go:4770.25,4771.35 2 0
za/actor.go:4771.35,4773.26 1 0
za/actor.go:4773.31,4775.26 1 0
za/actor.go:4777.25,4779.58 3 0
za/actor.go:4780.43,4781.79 1 0
za/actor.go:4782.46,4783.83 1 0
za/actor.go:4787.21,4787.26 1 0
za/actor.go:4792.13,4792.88 1 0
za/actor.go:4792.88,4794.35 2 0
za/actor.go:4794.35,4794.67 1 0
za/actor.go:4795.17,4797.22 3 0
za/actor.go:4800.13,4800.60 1 0
za/actor.go:4800.60,4802.14 1 0
za/actor.go:4808.5,4808.35 1 0
za/actor.go:4808.35,4812.6 2 0
za/actor.go:4814.5,4818.12 4 0
za/actor.go:4818.12,4823.19 2 0
za/actor.go:4823.19,4825.10 1 0
za/actor.go:4826.9,4826.27 1 0
za/actor.go:4826.27,4828.10 1 0
za/actor.go:4829.9,4840.35 3 0
za/actor.go:4840.35,4843.10 2 0
za/actor.go:4847.9,4849.26 3 0
za/actor.go:4853.5,4858.46 4 0
za/actor.go:4863.98,4865.27 1 0
za/actor.go:4865.27,4865.56 1 0
za/actor.go:4866.5,4873.28 7 0
za/actor.go:4873.28,4874.20 1 0
za/actor.go:4874.20,4875.28 1 0
za/actor.go:4876.22,4877.51 1 0
za/actor.go:4877.51,4880.18 2 0
za/actor.go:4882.15,4883.28 1 0
za/actor.go:4884.22,4885.31 1 0
za/actor.go:4886.23,4887.31 1 0
za/actor.go:4888.22,4889.31 1 0
za/actor.go:4890.23,4891.29 1 0
za/actor.go:4891.29,4893.29 2 0
za/actor.go:4897.9,4897.22 1 0
za/actor.go:4899.5,4902.30 3 0
za/actor.go:4902.30,4904.20 2 0
za/actor.go:4904.20,4906.10 1 0
za/actor.go:4906.15,4908.10 1 0
za/actor.go:4913.5,4913.18 1 0
za/actor.go:4913.18,4915.6 1 0
za/actor.go:4917.5,4917.15 1 0
za/actor.go:4923.27,4925.19 2 0
za/actor.go:4925.19,4932.30 3 0
za/actor.go:4932.30,4932.57 1 0
za/actor.go:4934.9,4935.23 2 0
za/actor.go:4935.23,4937.28 2 0
za/actor.go:4937.28,4939.14 1 0
za/actor.go:4940.15,4941.33 1 0
za/actor.go:4941.33,4942.52 1 0
za/actor.go:4942.52,4944.18 1 0
za/actor.go:4945.17,4945.34 1 0
za/actor.go:4954.30,4958.52 3 0
za/actor.go:4958.52,4961.6 1 0
za/actor.go:4965.5,4965.42 1 0
za/actor.go:4965.42,4968.49 2 0
za/actor.go:4968.49,4970.10 1 0
za/actor.go:4972.9,4974.44 2 0
za/actor.go:4974.44,4976.30 2 0
za/actor.go:4976.30,4981.46 5 0
za/actor.go:4981.46,4983.18 1 0
za/actor.go:4984.17,4984.47 1 0
za/actor.go:4986.13,4986.98 1 0
za/actor.go:4989.5,4989.16 1 0
za/actor.go:4994.70,4996.50 2 0
za/actor.go:4996.50,4997.38 1 0
za/actor.go:4997.38,4997.46 1 0
za/actor.go:4998.9,4998.38 1 0
za/actor.go:4998.38,4998.46 1 0
za/actor.go:4999.9,4999.47 1 0
za/actor.go:4999.47,5001.10 1 0
za/actor.go:5003.5,5003.14 1 0
za/actor.go:5007.74,5013.29 4 0
za/actor.go:5013.29,5013.44 1 0
za/actor.go:5015.5,5015.30 1 0
za/actor.go:5015.30,5017.31 2 0
za/actor.go:5017.31,5017.44 1 0
za/actor.go:5018.9,5018.31 1 0
za/actor.go:5018.31,5018.44 1 0
za/actor.go:5019.9,5019.22 1 0
za/actor.go:5019.22,5020.38 1 0
za/actor.go:5020.38,5024.14 3 0
za/actor.go:5025.13,5025.27 1 0
za/actor.go:5025.27,5029.25 4 0
za/actor.go:5033.5,5033.16 1 0
za/actor.go:5039.95,5045.29 4 0
za/actor.go:5045.29,5045.49 1 0
za/actor.go:5047.5,5047.30 1 0
za/actor.go:5047.30,5049.31 2 0
za/actor.go:5049.31,5049.44 1 0
za/actor.go:5050.9,5050.31 1 0
za/actor.go:5050.31,5050.44 1 0
za/actor.go:5051.9,5051.22 1 0
za/actor.go:5051.22,5052.27 1 0
za/actor.go:5052.27,5057.25 5 0
za/actor.go:5059.13,5059.38 1 0
za/actor.go:5059.38,5064.14 4 0
za/actor.go:5067.5,5067.21 1 0
za/actor.go:5073.140,5075.24 2 0
za/actor.go:5075.24,5078.34 3 0
za/actor.go:5078.34,5080.62 2 0
za/actor.go:5080.62,5080.75 1 0
za/actor.go:5081.13,5081.62 1 0
za/actor.go:5081.62,5081.75 1 0
za/actor.go:5082.13,5082.76 1 0
za/actor.go:5082.76,5084.27 2 0
za/actor.go:5084.27,5087.26 3 0
za/actor.go:5089.17,5090.33 2 0
za/actor.go:5090.47,5090.100 1 0
za/actor.go:5091.17,5091.28 1 0
za/actor.go:5091.28,5093.18 1 0
za/actor.go:5093.23,5095.18 1 0
za/actor.go:5096.17,5096.25 1 0
za/actor.go:5099.9,5099.20 1 0
za/actor.go:5099.20,5102.10 2 0
za/actor.go:5103.9,5103.34 1 0
za/actor.go:5103.34,5103.46 1 0
za/actor.go:5104.11,5106.6 1 0
za/console_common.go:43.25,44.17 1 1
za/console_common.go:44.17,120.36 74 1
za/console_common.go:120.36,123.10 2 1
za/console_common.go:124.9,124.58 1 1
za/console_common.go:126.11,137.38 3 0
za/console_common.go:137.38,139.10 1 0
za/console_common.go:141.9,141.36 1 0
za/console_common.go:141.36,144.10 2 0
za/console_common.go:145.9,145.58 1 0
za/console_common.go:150.21,152.2 1 0
za/console_common.go:154.22,156.2 1 0
za/console_common.go:158.30,181.12 1 0
za/console_common.go:194.205,197.21 2 0
za/console_common.go:197.21,197.34 1 0
za/console_common.go:199.5,203.22 4 0
za/console_common.go:203.22,203.37 1 0
za/console_common.go:205.5,233.32 19 0
za/console_common.go:233.32,233.50 1 0
za/console_common.go:236.5,238.17 2 0
za/console_common.go:238.17,238.29 1 0
za/console_common.go:240.5,251.21 9 0
za/console_common.go:251.21,251.45 1 0
za/console_common.go:253.5,255.9 3 0
za/console_common.go:255.9,267.28 7 0
za/console_common.go:267.28,267.47 1 0
za/console_common.go:268.9,268.29 1 0
za/console_common.go:268.29,268.49 1 0
za/console_common.go:269.9,269.27 1 0
za/console_common.go:269.27,272.34 3 0
za/console_common.go:272.34,274.14 2 0
za/console_common.go:276.9,293.24 10 0
za/console_common.go:293.24,294.42 1 0
za/console_common.go:294.42,296.14 1 0
za/console_common.go:296.19,297.71 1 0
za/console_common.go:297.71,300.18 1 0
za/console_common.go:300.23,304.18 3 0
za/console_common.go:306.15,308.10 1 0
za/console_common.go:309.9,309.31 1 0
za/console_common.go:309.31,310.55 1 0
za/console_common.go:310.55,310.80 2 0
za/console_common.go:311.13,311.58 2 0
za/console_common.go:315.9,315.45 1 0
za/console_common.go:315.45,315.88 3 0
za/console_common.go:316.9,323.19 5 0
za/console_common.go:323.19,332.24 3 0
za/console_common.go:332.24,334.14 1 0
za/console_common.go:336.13,336.28 1 0
za/console_common.go:336.28,338.14 1 0
za/console_common.go:341.13,345.30 5 0
za/console_common.go:347.15,348.20 1 0
za/console_common.go:350.44,352.22 2 0
za/console_common.go:353.44,355.22 2 0
za/console_common.go:356.45,358.39 1 0
za/console_common.go:358.39,361.56 3 0
za/console_common.go:361.56,361.81 2 0
za/console_common.go:362.21,363.26 2 0
za/console_common.go:366.17,368.28 2 0
za/console_common.go:368.28,369.78 1 0
za/console_common.go:369.78,373.22 3 0
za/console_common.go:376.17,376.22 1 0
za/console_common.go:378.45,380.39 1 0
za/console_common.go:380.39,386.59 6 0
za/console_common.go:386.59,390.37 4 0
za/console_common.go:390.37,390.48 1 0
za/console_common.go:391.25,391.41 1 0
za/console_common.go:391.41,391.55 1 0
za/console_common.go:392.25,394.60 3 0
za/console_common.go:394.60,394.85 2 0
za/console_common.go:396.21,396.36 1 0
za/console_common.go:400.17,402.53 3 0
za/console_common.go:404.55,406.53 2 0
za/console_common.go:408.55,410.53 2 0
za/console_common.go:412.44,414.53 2 0
za/console_common.go:416.44,418.53 2 0
za/console_common.go:420.45,423.47 3 0
za/console_common.go:425.45,429.47 4 0
za/console_common.go:431.46,433.63 1 0
za/console_common.go:433.63,436.18 2 0
za/console_common.go:438.17,438.52 1 0
za/console_common.go:438.52,438.77 2 0
za/console_common.go:440.17,440.29 1 0
za/console_common.go:440.29,445.18 4 0
za/console_common.go:447.65,448.47 1 0
za/console_common.go:448.47,451.18 2 0
za/console_common.go:452.17,452.34 1 0
za/console_common.go:452.34,456.18 3 0
za/console_common.go:458.59,461.39 1 0
za/console_common.go:461.39,462.41 1 0
za/console_common.go:462.41,464.22 1 0
za/console_common.go:465.21,465.26 1 0
za/console_common.go:469.17,469.29 1 0
za/console_common.go:469.29,471.18 1 0
za/console_common.go:472.17,472.53 1 0
za/console_common.go:474.59,477.39 1 0
za/console_common.go:477.39,478.47 1 0
za/console_common.go:478.47,480.22 1 0
za/console_common.go:481.21,481.26 1 0
za/console_common.go:485.17,485.34 1 0
za/console_common.go:485.34,487.18 1 0
za/console_common.go:488.17,488.53 1 0
za/console_common.go:490.59,492.50 1 0
za/console_common.go:492.50,494.26 2 0
za/console_common.go:497.17,497.31 1 0
za/console_common.go:497.31,498.35 1 0
za/console_common.go:498.35,499.37 1 0
za/console_common.go:499.37,503.26 3 0
za/console_common.go:504.25,505.40 2 0
za/console_common.go:505.40,508.26 2 0
za/console_common.go:509.25,512.37 4 0
za/console_common.go:512.37,512.53 1 0
za/console_common.go:513.25,513.48 1 0
za/console_common.go:513.49,514.26 0 0
za/console_common.go:518.59,520.27 1 0
za/console_common.go:520.27,531.28 5 0
za/console_common.go:531.28,534.49 3 0
za/console_common.go:534.49,535.41 1 0
za/console_common.go:535.41,535.60 1 0
za/console_common.go:536.29,537.41 2 0
za/console_common.go:537.41,537.55 1 0
za/console_common.go:538.29,539.48 2 0
za/console_common.go:541.25,543.34 2 0
za/console_common.go:544.32,545.40 1 0
za/console_common.go:546.33,547.52 1 0
za/console_common.go:547.52,547.64 1 0
za/console_common.go:549.33,550.40 1 0
za/console_common.go:551.32,552.40 1 0
za/console_common.go:552.40,552.52 1 0
za/console_common.go:555.33,556.40 1 0
za/console_common.go:557.33,559.43 2 0
za/console_common.go:564.33,566.43 1 0
za/console_common.go:567.33,569.43 1 0
za/console_common.go:572.21,574.33 2 0
za/console_common.go:574.33,579.22 3 0
za/console_common.go:581.21,582.26 2 0
za/console_common.go:586.17,586.50 1 0
za/console_common.go:586.50,588.26 2 0
za/console_common.go:591.17,591.31 1 0
za/console_common.go:591.31,592.32 1 0
za/console_common.go:592.32,594.49 2 0
za/console_common.go:594.49,597.26 2 0
za/console_common.go:597.31,600.26 2 0
za/console_common.go:601.25,603.48 3 0
za/console_common.go:603.49,604.26 0 0
za/console_common.go:608.59,610.53 2 0
za/console_common.go:611.59,613.53 2 0
za/console_common.go:615.44,618.31 1 0
za/console_common.go:618.31,619.44 1 0
za/console_common.go:619.44,623.59 3 0
za/console_common.go:623.59,623.84 2 0
za/console_common.go:624.25,628.50 3 0
za/console_common.go:628.50,630.26 1 0
za/console_common.go:631.25,631.48 1 0
za/console_common.go:633.27,634.59 1 0
za/console_common.go:634.59,634.84 2 0
za/console_common.go:635.25,638.51 4 0
za/console_common.go:640.23,641.55 1 0
za/console_common.go:641.55,649.22 7 0
za/console_common.go:652.59,652.59 0 0
za/console_common.go:654.53,654.53 0 0
za/console_common.go:655.53,655.53 0 0
za/console_common.go:658.53,662.34 4 0
za/console_common.go:665.59,665.59 0 0
za/console_common.go:666.59,666.59 0 0
za/console_common.go:667.59,667.59 0 0
za/console_common.go:669.21,670.32 1 0
za/console_common.go:670.32,671.46 1 0
za/console_common.go:671.46,676.22 4 0
za/console_common.go:679.17,679.39 1 0
za/console_common.go:679.39,680.56 1 0
za/console_common.go:680.56,680.81 2 0
za/console_common.go:688.9,688.31 1 0
za/console_common.go:688.31,695.41 4 0
za/console_common.go:695.41,698.33 3 0
za/console_common.go:698.33,700.18 1 0
za/console_common.go:702.17,702.58 1 0
za/console_common.go:702.58,706.18 3 0
za/console_common.go:709.13,709.43 1 0
za/console_common.go:709.43,710.80 1 0
za/console_common.go:710.80,714.18 3 0
za/console_common.go:717.13,721.61 3 0
za/console_common.go:721.61,727.38 4 0
za/console_common.go:727.38,730.18 2 0
za/console_common.go:732.17,732.89 1 0
za/console_common.go:732.89,733.30 1 0
za/console_common.go:736.17,738.32 2 0
za/console_common.go:738.32,740.34 2 0
za/console_common.go:740.34,742.22 1 0
za/console_common.go:742.27,744.22 1 0
za/console_common.go:745.21,749.39 5 0
za/console_common.go:750.23,756.18 5 0
za/console_common.go:772.13,774.46 2 0
za/console_common.go:774.46,776.27 2 0
za/console_common.go:776.27,776.34 1 0
za/console_common.go:786.21,786.44 1 0
za/console_common.go:786.44,787.36 1 0
za/console_common.go:787.36,789.26 1 0
za/console_common.go:789.31,791.26 1 0
za/console_common.go:793.21,793.42 1 0
za/console_common.go:797.13,804.31 3 0
za/console_common.go:804.31,804.54 1 0
za/console_common.go:806.13,806.32 1 0
za/console_common.go:806.32,807.41 1 0
za/console_common.go:807.41,808.70 1 0
za/console_common.go:808.70,810.38 2 0
za/console_common.go:810.38,811.48 1 0
za/console_common.go:811.48,813.57 1 0
za/console_common.go:813.57,814.59 1 0
za/console_common.go:814.59,816.46 2 0
za/console_common.go:821.25,822.46 2 0
za/console_common.go:823.40,825.119 2 0
za/console_common.go:826.42,829.42 3 0
za/console_common.go:829.42,831.30 1 0
za/console_common.go:831.35,833.30 1 0
za/console_common.go:834.29,834.114 1 0
za/console_common.go:842.9,842.32 1 0
za/console_common.go:842.32,843.32 1 0
za/console_common.go:843.32,844.38 1 0
za/console_common.go:844.38,846.18 1 0
za/console_common.go:847.17,847.39 1 0
za/console_common.go:847.39,850.37 3 0
za/console_common.go:850.37,850.51 1 0
za/console_common.go:853.21,854.35 2 0
za/console_common.go:854.35,854.54 1 0
za/console_common.go:856.21,856.90 1 0
za/console_common.go:856.90,858.22 1 0
za/console_common.go:860.21,863.56 3 0
za/console_common.go:863.56,863.81 2 0
za/console_common.go:866.13,868.39 3 0
za/console_common.go:871.9,871.37 1 0
za/console_common.go:871.37,872.18 1 0
za/console_common.go:877.5,877.35 1 0
za/console_common.go:877.35,879.6 1 0
za/console_common.go:881.5,881.20 1 0
za/console_common.go:881.20,884.26 3 0
za/console_common.go:884.26,884.51 1 0
za/console_common.go:885.9,888.55 4 0
za/console_common.go:893.5,895.26 2 0
za/console_common.go:899.40,902.2 2 0
za/console_common.go:904.24,905.14 1 0
za/console_common.go:905.14,907.6 1 0
za/console_common.go:908.5,908.13 1 0
za/console_common.go:911.24,912.14 1 0
za/console_common.go:912.14,914.6 1 0
za/console_common.go:915.5,915.13 1 0
za/console_common.go:919.42,921.29 2 0
za/console_common.go:921.29,922.23 1 0
za/console_common.go:922.23,925.10 3 0
za/console_common.go:926.9,926.21 1 0
za/console_common.go:927.19,929.26 3 0
za/console_common.go:930.17,932.19 2 0
za/console_common.go:935.5,935.31 1 0
za/console_common.go:939.30,940.30 1 0
za/console_common.go:940.30,941.44 1 0
za/console_common.go:941.44,943.10 1 0
za/console_common.go:943.15,945.10 1 0
za/console_common.go:946.11,948.6 1 0
za/console_common.go:954.30,959.20 3 0
za/console_common.go:959.20,960.21 1 0
za/console_common.go:960.21,962.10 1 0
za/console_common.go:962.15,964.10 1 0
za/console_common.go:965.9,967.36 3 0
za/console_common.go:967.36,968.33 1 0
za/console_common.go:968.33,968.47 2 0
za/console_common.go:969.13,969.35 1 0
za/console_common.go:969.35,969.49 2 0
za/console_common.go:970.13,970.20 1 0
za/console_common.go:973.9,973.15 1 0
za/console_common.go:976.5,976.17 1 0
za/console_common.go:976.17,979.6 2 0
za/console_common.go:981.5,987.32 5 0
za/console_common.go:987.32,988.29 1 0
za/console_common.go:988.29,988.43 2 0
za/console_common.go:989.9,989.31 1 0
za/console_common.go:989.31,989.45 2 0
za/console_common.go:990.9,990.16 1 0
za/console_common.go:992.5,992.20 1 0
za/console_common.go:997.28,998.21 1 0
za/console_common.go:999.17,1000.49 1 0
za/console_common.go:1002.5,1002.22 1 0
za/console_common.go:1006.32,1009.46 1 0
za/console_common.go:1009.46,1011.6 1 0
za/console_common.go:1014.5,1014.23 1 0
za/console_common.go:1014.23,1016.23 2 0
za/console_common.go:1016.23,1018.10 1 0
za/console_common.go:1019.9,1022.32 4 0
za/console_common.go:1028.30,1030.2 1 0
za/console_common.go:1033.67,1036.2 2 0
za/console_common.go:1039.12,1040.45 1 0
za/console_common.go:1040.45,1042.6 1 0
za/console_common.go:1042.11,1044.6 1 0
za/console_common.go:1045.5,1045.12 1 0
za/console_common.go:1050.71,1051.26 1 0
za/console_common.go:1051.26,1053.19 2 0
za/console_common.go:1053.19,1055.10 1 0
za/console_common.go:1057.5,1057.27 1 0
za/console_common.go:1061.29,1064.2 2 1
za/console_common.go:1067.31,1070.33 3 1
za/console_common.go:1070.33,1073.6 2 1
za/console_common.go:1074.5,1077.24 4 1
za/console_common.go:1081.25,1083.2 1 0
za/console_common.go:1086.33,1089.2 1 0
za/console_common.go:1092.30,1094.16 2 0
za/console_common.go:1094.16,1096.6 1 0
za/console_common.go:1097.5,1097.16 1 0
za/console_common.go:1097.16,1099.6 1 0
za/console_common.go:1100.5,1101.40 2 0
za/console_common.go:1106.27,1108.2 1 0
za/console_common.go:1111.34,1113.2 1 0
za/console_common.go:1116.19,1118.2 1 0
za/console_common.go:1120.28,1121.30 1 0
za/console_common.go:1121.30,1123.6 1 0
za/console_common.go:1123.11,1125.6 1 0
za/console_common.go:1129.19,1131.2 1 0
za/console_common.go:1134.19,1136.2 1 0
za/console_common.go:1139.21,1141.2 1 0
za/console_common.go:1144.48,1145.20 1 0
za/console_common.go:1145.20,1145.32 1 0
za/console_common.go:1146.5,1146.19 1 0
za/console_common.go:1150.45,1151.20 1 0
za/console_common.go:1151.20,1151.32 1 0
za/console_common.go:1152.5,1152.16 1 0
za/console_common.go:1152.16,1152.28 1 0
za/console_common.go:1153.5,1154.13 2 0
za/console_common.go:1158.56,1159.23 1 0
za/console_common.go:1159.23,1162.6 2 0
za/console_common.go:1163.5,1164.13 2 0
za/console_common.go:1168.49,1169.23 1 0
za/console_common.go:1169.23,1172.6 2 0
za/console_common.go:1173.5,1174.13 2 0
za/console_common.go:1178.53,1179.23 1 0
za/console_common.go:1179.23,1182.6 2 0
za/console_common.go:1183.5,1184.13 2 0
za/console_common.go:1188.49,1193.16 3 0
za/console_common.go:1193.16,1193.30 1 0
za/console_common.go:1195.5,1195.35 1 0
za/console_common.go:1195.35,1196.22 1 0
za/console_common.go:1196.22,1198.18 2 0
za/console_common.go:1200.9,1200.24 1 0
za/console_common.go:1200.24,1202.18 2 0
za/console_common.go:1206.5,1206.35 1 0
za/console_common.go:1206.35,1207.37 1 0
za/console_common.go:1207.37,1209.18 2 0
za/console_common.go:1213.5,1216.18 3 0
za/console_common.go:1216.18,1218.6 1 0
za/console_common.go:1220.5,1221.21 2 0
za/console_common.go:1221.21,1222.21 1 0
za/console_common.go:1222.21,1222.32 1 0
za/console_common.go:1223.9,1223.27 1 0
za/console_common.go:1226.5,1228.25 2 0
za/console_common.go:1233.45,1234.18 1 0
za/console_common.go:1234.18,1234.36 1 0
za/console_common.go:1235.5,1240.14 4 0
za/console_common.go:1240.14,1240.23 1 0
za/console_common.go:1241.5,1241.14 1 0
za/console_common.go:1241.14,1241.23 1 0
za/console_common.go:1242.5,1242.22 1 0
za/console_common.go:1242.22,1243.45 1 0
za/console_common.go:1243.45,1244.26 1 0
za/console_common.go:1244.26,1244.41 1 0
za/console_common.go:1245.13,1245.18 1 0
za/console_common.go:1248.5,1248.15 1 0
za/console_common.go:1248.15,1248.25 1 0
za/console_common.go:1251.5,1252.35 2 0
za/console_common.go:1252.35,1253.37 1 0
za/console_common.go:1253.37,1253.44 1 0
za/console_common.go:1257.5,1257.14 1 0
za/console_common.go:1257.14,1257.42 1 0
za/console_common.go:1259.5,1259.21 1 0
za/console_common.go:1264.44,1265.18 1 0
za/console_common.go:1265.18,1265.30 1 0
za/console_common.go:1268.5,1270.14 3 0
za/console_common.go:1270.14,1270.23 1 0
za/console_common.go:1271.5,1271.14 1 0
za/console_common.go:1271.14,1271.23 1 0
za/console_common.go:1272.5,1272.22 1 0
za/console_common.go:1272.22,1273.30 1 0
za/console_common.go:1273.30,1274.18 1 0
za/console_common.go:1277.5,1277.15 1 0
za/console_common.go:1277.15,1277.25 1 0
za/console_common.go:1280.5,1281.35 2 0
za/console_common.go:1281.35,1282.24 1 0
za/console_common.go:1282.24,1282.31 1 0
za/console_common.go:1286.5,1286.14 1 0
za/console_common.go:1286.14,1286.35 1 0
za/console_common.go:1288.5,1288.14 1 0
za/console_common.go:1291.19,1293.2 1 0
za/console_common.go:1295.22,1297.2 1 0
za/console_common.go:1300.49,1306.40 4 0
za/console_common.go:1306.40,1308.35 2 0
za/console_common.go:1308.35,1311.10 2 0
za/console_common.go:1312.11,1315.6 2 0
za/console_common.go:1317.5,1317.25 1 0
za/console_common.go:1321.24,1327.20 3 0
za/console_common.go:1328.17,1335.17 7 0
za/console_common.go:1336.21,1343.19 7 0
za/console_common.go:1344.18,1351.19 7 0
za/console_common.go:1352.19,1359.19 7 0
za/console_common.go:1360.19,1367.19 7 0
za/console_common.go:1368.19,1375.17 7 0
za/console_common.go:1376.20,1383.17 7 0
za/console_common.go:1384.13,1384.13 0 0
za/console_common.go:1389.5,1405.44 13 0
za/console_common.go:1405.44,1410.6 4 0
za/console_common.go:1413.5,1413.22 1 0
za/console_common.go:1413.22,1416.6 2 0
za/console_common.go:1420.34,1421.14 1 0
za/console_common.go:1421.14,1423.6 1 0
za/console_common.go:1424.5,1424.28 1 0
za/console_common.go:1427.26,1442.44 15 0
za/console_common.go:1442.44,1447.6 4 0
za/console_common.go:1450.24,1451.30 1 0
za/console_common.go:1451.30,1458.6 6 0
za/console_common.go:1458.11,1460.6 1 0
za/console_common.go:1464.121,1471.19 4 0
za/console_common.go:1471.19,1473.6 1 0
za/console_common.go:1475.5,1476.19 2 0
za/console_common.go:1476.19,1478.6 1 0
za/console_common.go:1480.5,1481.19 2 0
za/console_common.go:1481.19,1483.6 1 0
za/console_common.go:1485.5,1485.42 1 0
za/console_common.go:1485.42,1488.6 2 0
za/console_common.go:1490.5,1490.31 1 0
za/console_common.go:1496.49,1507.23 9 0
za/console_common.go:1507.23,1510.6 2 0
za/console_common.go:1510.11,1514.6 3 0
za/console_common.go:1515.5,1515.29 1 0
za/console_common.go:1525.68,1541.15 10 0
za/console_common.go:1541.15,1552.22 4 0
za/console_common.go:1552.22,1554.10 1 0
za/console_common.go:1556.9,1556.13 1 0
za/console_common.go:1556.13,1560.27 2 0
za/console_common.go:1560.27,1562.28 2 0
za/console_common.go:1562.28,1563.34 1 0
za/console_common.go:1563.34,1565.22 1 0
za/console_common.go:1566.21,1566.33 1 0
za/console_common.go:1570.13,1570.30 1 0
za/console_common.go:1570.30,1571.27 1 0
za/console_common.go:1571.27,1573.18 1 0
za/console_common.go:1574.17,1574.22 1 0
za/console_common.go:1577.13,1577.27 1 0
za/console_common.go:1577.27,1578.42 1 0
za/console_common.go:1578.42,1579.26 1 0
za/console_common.go:1581.17,1581.30 1 0
za/console_common.go:1581.30,1583.18 1 0
za/console_common.go:1584.17,1584.29 1 0
za/console_common.go:1590.9,1590.22 1 0
za/console_common.go:1590.22,1592.10 1 0
za/console_common.go:1595.9,1595.23 1 0
za/console_common.go:1595.23,1596.38 1 0
za/console_common.go:1596.38,1598.14 1 0
za/console_common.go:1602.9,1602.23 1 0
za/console_common.go:1602.23,1603.31 1 0
za/console_common.go:1603.31,1605.14 1 0
za/console_common.go:1608.9,1608.36 1 0
za/console_common.go:1612.5,1612.12 1 0
za/console_common.go:1613.23,1613.23 0 0
za/console_common.go:1614.29,1615.20 1 0
za/console_common.go:1615.20,1617.10 1 0
za/console_common.go:1620.5,1626.30 5 0
za/console_common.go:1637.94,1639.22 1 0
za/console_common.go:1639.22,1640.56 1 0
za/console_common.go:1644.5,1644.51 1 0
za/console_common.go:1644.51,1646.6 1 0
za/console_common.go:1647.5,1647.38 1 0
za/console_common.go:1647.38,1649.6 1 0
za/console_common.go:1650.5,1664.24 10 0
za/console_common.go:1664.24,1668.28 4 0
za/console_common.go:1668.28,1671.28 3 0
za/console_common.go:1671.28,1671.46 1 0
za/console_common.go:1672.13,1672.28 1 0
za/console_common.go:1672.28,1674.14 1 0
za/console_common.go:1674.19,1676.14 1 0
za/console_common.go:1677.13,1677.48 1 0
za/console_common.go:1681.5,1683.34 2 0
za/console_common.go:1683.34,1685.24 1 0
za/console_common.go:1685.24,1689.10 3 0
za/console_common.go:1689.15,1693.10 3 0
za/console_common.go:1695.9,1698.55 3 0
za/console_common.go:1698.55,1701.10 2 0
za/console_common.go:1702.9,1703.42 2 0
za/console_common.go:1705.11,1711.23 4 0
za/console_common.go:1711.23,1714.10 2 0
za/console_common.go:1715.9,1739.25 13 0
za/console_common.go:1739.25,1742.10 2 0
za/console_common.go:1744.9,1744.30 1 0
za/console_common.go:1744.30,1752.10 7 0
za/console_common.go:1752.15,1753.27 1 0
za/console_common.go:1753.27,1755.31 2 0
za/console_common.go:1755.31,1757.18 1 0
za/console_common.go:1758.17,1758.31 1 0
za/console_common.go:1758.31,1760.18 1 0
za/console_common.go:1761.19,1763.14 1 0
za/console_common.go:1767.9,1769.23 2 0
za/console_common.go:1769.23,1771.10 1 0
za/console_common.go:1771.15,1773.10 1 0
za/console_common.go:1774.9,1774.35 1 0
za/console_common.go:1779.5,1779.20 1 0
za/console_common.go:1779.20,1780.42 1 0
za/console_common.go:1780.42,1781.30 1 0
za/console_common.go:1781.30,1783.14 1 0
za/console_common.go:1783.19,1784.22 1 0
za/console_common.go:1789.5,1789.96 1 0
za/console_common.go:1792.22,1795.2 2 0
za/console_common.go:1797.29,1801.2 4 0
za/console_common.go:1803.17,1806.2 2 0
za/console_unix.go:16.24,18.2 1 0
za/console_unix.go:21.22,22.10 1 0
za/console_unix.go:22.10,24.6 1 0
za/console_unix.go:24.11,26.6 1 0
za/console_unix.go:29.20,32.2 2 0
za/console_unix.go:34.20,36.16 2 0
za/console_unix.go:36.16,42.6 5 0
za/console_unix.go:45.19,47.16 2 0
za/console_unix.go:47.16,53.6 5 0
za/console_unix.go:56.22,57.16 1 0
za/console_unix.go:57.16,61.6 2 0
za/console_unix.go:65.33,67.2 1 0
za/console_unix.go:70.44,75.15 3 0
za/console_unix.go:75.15,77.13 2 0
za/console_unix.go:77.13,79.21 2 0
za/console_unix.go:79.21,80.22 1 0
za/console_unix.go:82.13,82.23 1 0
za/console_unix.go:82.23,83.22 1 0
za/console_unix.go:85.13,85.21 1 0
za/console_unix.go:85.21,85.44 1 0
za/console_unix.go:86.13,86.25 1 0
za/console_unix.go:86.25,87.24 1 0
za/console_unix.go:88.48,89.26 1 0
za/console_unix.go:90.48,91.26 1 0
za/console_unix.go:92.48,93.26 1 0
za/console_unix.go:94.49,95.27 1 0
za/console_unix.go:96.57,97.28 1 0
za/console_unix.go:98.50,99.28 1 0
za/console_unix.go:100.59,101.27 1 0
za/console_unix.go:102.59,103.27 1 0
za/console_unix.go:104.78,105.28 1 0
za/console_unix.go:106.78,107.28 1 0
za/console_unix.go:108.78,109.28 1 0
za/console_unix.go:110.78,111.28 1 0
za/console_unix.go:112.63,113.27 1 0
za/console_unix.go:114.63,115.27 1 0
za/console_unix.go:116.63,117.26 1 0
za/console_unix.go:118.63,119.26 1 0
za/console_unix.go:120.51,121.26 1 0
za/console_unix.go:122.63,123.26 1 0
za/console_unix.go:124.51,125.27 1 0
za/console_unix.go:126.25,128.36 1 0
za/console_unix.go:128.36,129.38 1 0
za/console_unix.go:129.38,131.26 1 0
za/console_unix.go:135.13,135.23 1 0
za/console_unix.go:135.23,137.22 2 0
za/console_unix.go:140.9,140.21 1 0
za/console_unix.go:143.5,143.12 1 0
za/console_unix.go:144.24,144.24 0 0
za/console_unix.go:147.5,147.13 1 0
za/console_unix.go:150.27,152.2 0 0
za/console_unix.go:160.54,170.18 5 0
za/console_unix.go:170.18,172.6 1 0
za/console_unix.go:176.5,176.19 1 0
za/console_unix.go:176.19,179.6 1 0
za/console_unix.go:180.5,180.52 1 0
za/console_unix.go:191.31,193.16 1 0
za/console_unix.go:193.16,196.6 1 0
za/console_unix.go:198.5,207.12 6 0
za/console_unix.go:207.12,209.23 2 0
za/console_unix.go:209.23,211.10 2 0
za/console_unix.go:211.15,216.10 4 0
za/console_unix.go:219.5,221.15 2 0
za/console_unix.go:227.40,229.19 2 1
za/console_unix.go:229.19,231.6 1 1
za/console_unix.go:232.5,232.41 1 0
za/eval.go:20.48,21.119 1 0
za/eval.go:24.62,29.13 2 1
za/eval.go:29.13,30.44 1 1
za/eval.go:30.44,30.73 1 1
za/eval.go:31.9,31.32 1 0
za/eval.go:32.27,33.38 1 0
za/eval.go:37.5,43.29 6 1
za/eval.go:83.33,85.17 2 1
za/eval.go:85.17,85.43 1 1
za/eval.go:86.5,87.27 2 1
za/eval.go:90.33,91.25 1 1
za/eval.go:91.25,91.54 1 1
za/eval.go:92.5,92.29 1 1
za/eval.go:96.69,103.13 1 1
za/eval.go:103.13,106.13 2 0
za/eval.go:106.13,107.37 1 0
za/eval.go:108.25,109.31 1 0
za/eval.go:110.25,111.35 1 0
za/eval.go:111.35,113.36 1 0
za/eval.go:115.17,115.31 1 0
za/eval.go:116.40,118.32 1 0
za/eval.go:121.13,121.21 1 0
za/eval.go:123.9,123.24 1 0
za/eval.go:128.5,129.17 2 1
za/eval.go:129.17,129.43 1 1
za/eval.go:130.5,136.26 3 1
za/eval.go:138.32,139.17 1 0
za/eval.go:140.30,141.66 1 0
za/eval.go:143.25,144.26 1 1
za/eval.go:145.24,146.65 1 0
za/eval.go:147.21,148.30 1 0
za/eval.go:149.33,150.25 1 0
za/eval.go:151.20,152.23 1 0
za/eval.go:152.23,154.10 1 0
za/eval.go:155.18,157.21 2 0
za/eval.go:157.21,157.33 1 0
za/eval.go:158.3,158.26 1 0
za/eval.go:159.35,161.21 2 0
za/eval.go:161.21,161.33 1 0
za/eval.go:162.9,162.48 1 0
za/eval.go:164.18,166.58 1 0
za/eval.go:166.58,167.80 1 0
za/eval.go:168.15,170.10 1 0
za/eval.go:172.40,173.25 1 0
za/eval.go:174.36,175.25 1 0
za/eval.go:176.17,177.28 1 0
za/eval.go:178.25,179.29 1 0
za/eval.go:180.21,181.32 1 0
za/eval.go:182.16,183.32 1 0
za/eval.go:184.18,185.25 1 0
za/eval.go:186.16,187.52 1 0
za/eval.go:188.21,189.51 1 0
za/eval.go:190.22,191.52 1 0
za/eval.go:195.5,196.9 1 1
za/eval.go:196.9,199.83 1 1
za/eval.go:199.83,199.90 1 1
za/eval.go:201.9,204.26 2 1
za/eval.go:204.26,206.41 1 0
za/eval.go:206.41,210.25 3 0
za/eval.go:214.9,214.30 1 1
za/eval.go:215.18,216.27 1 0
za/eval.go:218.22,219.31 1 0
za/eval.go:219.31,221.25 2 0
za/eval.go:224.28,226.21 2 0
za/eval.go:227.25,229.21 2 0
za/eval.go:230.30,231.32 1 0
za/eval.go:231.32,234.14 2 0
za/eval.go:234.19,238.31 3 0
za/eval.go:240.13,240.21 1 0
za/eval.go:241.22,245.21 3 0
za/eval.go:246.19,248.21 2 0
za/eval.go:249.21,250.32 1 0
za/eval.go:251.25,253.25 2 0
za/eval.go:258.9,258.25 1 1
za/eval.go:258.25,259.185 1 0
za/eval.go:262.9,265.30 3 1
za/eval.go:267.21,268.32 1 1
za/eval.go:269.22,270.37 1 1
za/eval.go:271.26,272.48 1 1
za/eval.go:273.25,274.46 1 0
za/eval.go:276.21,277.42 1 0
za/eval.go:279.22,280.38 1 0
za/eval.go:281.25,282.38 1 0
za/eval.go:283.23,284.38 1 0
za/eval.go:285.24,286.38 1 0
za/eval.go:288.22,293.39 1 0
za/eval.go:295.21,296.41 1 0
za/eval.go:297.21,298.42 1 0
za/eval.go:299.21,300.46 1 0
za/eval.go:301.21,302.46 1 0
za/eval.go:303.21,304.46 1 0
za/eval.go:305.21,306.46 1 0
za/eval.go:308.27,310.32 1 0
za/eval.go:311.25,312.37 1 0
za/eval.go:313.29,314.42 1 0
za/eval.go:314.42,316.22 1 0
za/eval.go:317.21,317.45 1 0
za/eval.go:320.13,320.49 1 0
za/eval.go:322.23,323.49 1 0
za/eval.go:325.24,326.54 1 0
za/eval.go:327.25,328.53 1 0
za/eval.go:329.25,330.53 1 0
za/eval.go:332.23,333.45 1 0
za/eval.go:334.20,335.42 1 0
za/eval.go:337.24,338.42 1 0
za/eval.go:340.23,341.56 1 0
za/eval.go:342.22,343.56 1 0
za/eval.go:344.25,345.45 1 0
za/eval.go:346.25,347.46 1 0
za/eval.go:348.24,349.56 1 0
za/eval.go:350.22,351.38 1 0
za/eval.go:352.24,353.40 1 0
za/eval.go:354.19,355.37 1 0
za/eval.go:357.23,358.84 1 0
za/eval.go:360.17,361.77 1 0
za/eval.go:375.2,375.17 1 1
za/eval.go:386.44,389.2 2 0
za/eval.go:392.56,394.25 1 0
za/eval.go:395.17,395.17 0 0
za/eval.go:396.13,397.76 1 0
za/eval.go:400.5,405.24 5 0
za/eval.go:407.19,414.39 4 0
za/eval.go:414.39,415.47 1 0
za/eval.go:415.47,416.47 1 0
za/eval.go:416.47,417.66 1 0
za/eval.go:417.66,421.30 4 0
za/eval.go:428.9,429.48 2 0
za/eval.go:429.48,433.41 4 0
za/eval.go:433.41,434.32 1 0
za/eval.go:435.26,438.28 3 0
za/eval.go:439.25,440.49 1 0
za/eval.go:443.13,444.25 2 0
za/eval.go:444.25,444.37 1 0
za/eval.go:445.13,445.31 1 0
za/eval.go:446.23,447.31 1 0
za/eval.go:447.31,447.79 1 0
za/eval.go:448.21,449.105 1 0
za/eval.go:452.9,452.24 1 0
za/eval.go:454.19,456.48 2 0
za/eval.go:456.48,459.25 3 0
za/eval.go:459.25,459.37 1 0
za/eval.go:460.13,460.31 1 0
za/eval.go:461.23,462.31 1 0
za/eval.go:462.31,462.79 1 0
za/eval.go:463.21,464.96 1 0
za/eval.go:467.9,467.24 1 0
za/eval.go:469.16,471.45 2 0
za/eval.go:471.45,474.25 3 0
za/eval.go:474.25,474.37 1 0
za/eval.go:475.13,475.31 1 0
za/eval.go:476.23,477.31 1 0
za/eval.go:477.31,477.76 1 0
za/eval.go:478.21,479.96 1 0
za/eval.go:482.9,482.24 1 0
za/eval.go:484.17,486.46 2 0
za/eval.go:486.46,489.25 3 0
za/eval.go:489.25,489.37 1 0
za/eval.go:490.13,490.31 1 0
za/eval.go:491.23,492.31 1 0
za/eval.go:492.31,492.77 1 0
za/eval.go:493.21,494.96 1 0
za/eval.go:497.9,497.24 1 0
za/eval.go:499.20,501.49 2 0
za/eval.go:501.49,504.25 3 0
za/eval.go:504.25,504.37 1 0
za/eval.go:505.13,505.31 1 0
za/eval.go:506.23,507.31 1 0
za/eval.go:507.31,507.80 1 0
za/eval.go:508.21,509.96 1 0
za/eval.go:512.9,512.24 1 0
za/eval.go:514.17,516.46 2 0
za/eval.go:516.46,519.25 3 0
za/eval.go:519.25,519.37 1 0
za/eval.go:520.13,520.31 1 0
za/eval.go:521.23,522.31 1 0
za/eval.go:522.31,522.77 1 0
za/eval.go:523.21,524.96 1 0
za/eval.go:527.9,527.24 1 0
za/eval.go:529.28,531.49 2 0
za/eval.go:531.49,534.25 3 0
za/eval.go:534.25,534.37 1 0
za/eval.go:535.13,535.31 1 0
za/eval.go:536.23,537.31 1 0
za/eval.go:537.31,537.47 1 0
za/eval.go:538.21,539.96 1 0
za/eval.go:542.9,542.23 1 0
za/eval.go:544.25,546.46 2 0
za/eval.go:546.46,548.32 2 0
za/eval.go:549.25,550.71 1 0
za/eval.go:551.22,552.92 1 0
za/eval.go:553.23,554.94 1 0
za/eval.go:555.26,556.94 1 0
za/eval.go:557.23,558.83 1 0
za/eval.go:559.21,560.73 1 0
za/eval.go:562.13,563.25 2 0
za/eval.go:563.25,563.37 1 0
za/eval.go:564.13,564.31 1 0
za/eval.go:565.23,566.31 1 0
za/eval.go:566.31,566.47 1 0
za/eval.go:567.21,568.96 1 0
za/eval.go:571.9,571.23 1 0
za/eval.go:573.16,575.45 2 0
za/eval.go:575.45,577.46 2 0
za/eval.go:578.25,579.71 1 0
za/eval.go:580.22,581.92 1 0
za/eval.go:582.23,583.94 1 0
za/eval.go:584.26,585.94 1 0
za/eval.go:586.23,587.83 1 0
za/eval.go:588.22,589.67 1 0
za/eval.go:590.21,591.73 1 0
za/eval.go:593.13,594.25 2 0
za/eval.go:594.25,594.37 1 0
za/eval.go:595.13,595.31 1 0
za/eval.go:596.23,597.31 1 0
za/eval.go:597.31,597.76 1 0
za/eval.go:598.21,599.96 1 0
za/eval.go:602.9,602.24 1 0
za/eval.go:604.13,605.62 1 0
za/eval.go:610.53,612.25 1 0
za/eval.go:613.17,613.17 0 0
za/eval.go:614.13,615.80 1 0
za/eval.go:618.5,618.24 1 0
za/eval.go:619.17,619.17 0 0
za/eval.go:620.13,621.78 1 0
za/eval.go:624.5,625.19 2 0
za/eval.go:625.19,627.6 1 0
za/eval.go:628.5,628.16 1 0
za/eval.go:632.53,634.25 1 0
za/eval.go:635.17,635.17 0 0
za/eval.go:636.13,637.63 1 0
za/eval.go:640.5,654.24 5 0
za/eval.go:656.19,663.39 4 0
za/eval.go:663.39,664.47 1 0
za/eval.go:664.47,665.47 1 0
za/eval.go:665.47,666.66 1 0
za/eval.go:666.66,670.30 4 0
za/eval.go:676.9,677.48 2 0
za/eval.go:677.48,681.41 4 0
za/eval.go:681.41,682.32 1 0
za/eval.go:683.26,686.28 3 0
za/eval.go:687.25,688.49 1 0
za/eval.go:691.13,692.25 2 0
za/eval.go:692.25,692.37 1 0
za/eval.go:693.13,693.42 1 0
za/eval.go:695.9,695.24 1 0
za/eval.go:697.19,699.48 2 0
za/eval.go:699.48,702.25 3 0
za/eval.go:702.25,702.37 1 0
za/eval.go:703.13,703.31 1 0
za/eval.go:704.25,705.55 1 0
za/eval.go:706.21,707.78 1 0
za/eval.go:710.9,710.24 1 0
za/eval.go:712.17,714.46 2 0
za/eval.go:714.46,717.25 3 0
za/eval.go:717.25,717.37 1 0
za/eval.go:718.13,718.31 1 0
za/eval.go:719.25,720.55 1 0
za/eval.go:721.21,722.78 1 0
za/eval.go:725.9,725.24 1 0
za/eval.go:727.16,729.45 2 0
za/eval.go:729.45,732.25 3 0
za/eval.go:732.25,732.37 1 0
za/eval.go:733.13,733.31 1 0
za/eval.go:734.22,735.52 1 0
za/eval.go:736.21,738.78 1 0
za/eval.go:741.9,741.24 1 0
za/eval.go:743.17,745.46 2 0
za/eval.go:745.46,748.25 3 0
za/eval.go:748.25,748.37 1 0
za/eval.go:749.13,749.31 1 0
za/eval.go:750.23,751.53 1 0
za/eval.go:752.21,753.78 1 0
za/eval.go:756.9,756.24 1 0
za/eval.go:758.20,760.49 2 0
za/eval.go:760.49,763.25 3 0
za/eval.go:763.25,763.37 1 0
za/eval.go:764.13,764.31 1 0
za/eval.go:765.26,766.56 1 0
za/eval.go:767.21,768.78 1 0
za/eval.go:771.9,771.24 1 0
za/eval.go:773.17,775.46 2 0
za/eval.go:775.46,778.25 3 0
za/eval.go:778.25,778.37 1 0
za/eval.go:779.13,779.31 1 0
za/eval.go:780.23,781.53 1 0
za/eval.go:782.21,783.78 1 0
za/eval.go:786.9,786.24 1 0
za/eval.go:788.16,790.45 2 0
za/eval.go:790.45,792.46 2 0
za/eval.go:793.25,794.71 1 0
za/eval.go:795.22,796.92 1 0
za/eval.go:797.23,798.94 1 0
za/eval.go:799.26,800.94 1 0
za/eval.go:801.23,802.83 1 0
za/eval.go:803.21,804.73 1 0
za/eval.go:806.13,807.25 2 0
za/eval.go:807.25,807.37 1 0
za/eval.go:808.13,808.42 1 0
za/eval.go:810.9,810.24 1 0
za/eval.go:812.25,814.46 2 0
za/eval.go:814.46,816.32 2 0
za/eval.go:817.25,818.71 1 0
za/eval.go:819.22,820.92 1 0
za/eval.go:821.23,822.94 1 0
za/eval.go:823.26,824.94 1 0
za/eval.go:825.23,826.83 1 0
za/eval.go:827.21,828.73 1 0
za/eval.go:830.13,831.25 2 0
za/eval.go:831.25,831.37 1 0
za/eval.go:832.13,832.27 1 0
za/eval.go:834.9,834.23 1 0
za/eval.go:836.13,837.59 1 0
za/eval.go:881.84,882.24 1 0
za/eval.go:883.17,883.17 0 0
za/eval.go:884.13,885.63 1 0
za/eval.go:887.5,887.25 1 0
za/eval.go:888.17,888.17 0 0
za/eval.go:889.13,890.63 1 0
za/eval.go:893.5,894.20 2 0
za/eval.go:894.20,894.41 1 0
za/eval.go:895.5,900.11 4 0
za/eval.go:900.11,902.6 1 0
za/eval.go:902.11,905.23 2 0
za/eval.go:905.23,906.79 1 0
za/eval.go:908.9,909.22 2 0
za/eval.go:912.5,912.14 1 0
za/eval.go:912.14,914.6 1 0
za/eval.go:915.5,915.41 1 0
za/eval.go:918.60,924.20 4 0
za/eval.go:924.20,926.22 2 0
za/eval.go:926.22,926.42 1 0
za/eval.go:929.5,929.30 1 0
za/eval.go:931.16,932.29 1 0
za/eval.go:933.17,934.29 1 0
za/eval.go:935.19,936.29 1 0
za/eval.go:937.16,938.29 1 0
za/eval.go:939.17,940.29 1 0
za/eval.go:941.20,942.29 1 0
za/eval.go:943.19,944.29 1 0
za/eval.go:945.23,946.29 1 0
za/eval.go:947.17,948.29 1 0
za/eval.go:949.21,950.29 1 0
za/eval.go:951.23,952.29 1 0
za/eval.go:953.18,954.29 1 0
za/eval.go:955.16,956.29 1 0
za/eval.go:958.95,962.35 2 0
za/eval.go:962.35,965.10 2 0
za/eval.go:965.15,966.46 1 0
za/eval.go:966.46,968.29 2 0
za/eval.go:968.29,971.18 1 0
za/eval.go:972.17,972.34 1 0
za/eval.go:973.29,974.37 1 0
za/eval.go:975.25,976.37 1 0
za/eval.go:979.13,979.46 1 0
za/eval.go:979.46,980.66 1 0
za/eval.go:983.13,983.21 1 0
za/eval.go:985.9,985.46 1 0
za/eval.go:989.66,992.22 1 0
za/eval.go:993.13,994.21 1 0
za/eval.go:997.5,997.38 1 0
za/eval.go:997.38,1000.40 1 0
za/eval.go:1000.40,1005.25 2 0
za/eval.go:1005.25,1006.78 1 0
za/eval.go:1008.13,1008.30 1 0
za/eval.go:1009.50,1011.30 2 0
za/eval.go:1016.9,1016.40 1 0
za/eval.go:1016.40,1019.46 3 0
za/eval.go:1019.46,1021.29 2 0
za/eval.go:1021.29,1022.80 1 0
za/eval.go:1024.17,1024.34 1 0
za/eval.go:1025.54,1027.32 2 0
za/eval.go:1033.9,1033.42 1 0
za/eval.go:1033.42,1034.60 1 0
za/eval.go:1038.9,1038.17 1 0
za/eval.go:1042.5,1042.16 1 0
za/eval.go:1042.16,1042.30 1 0
za/eval.go:1044.5,1044.42 1 0
za/eval.go:1044.42,1046.6 1 0
za/eval.go:1048.5,1048.21 1 0
za/eval.go:1049.16,1050.47 1 0
za/eval.go:1051.15,1052.37 1 0
za/eval.go:1055.5,1055.15 1 0
za/eval.go:1060.75,1068.66 5 0
za/eval.go:1068.66,1070.6 1 0
za/eval.go:1073.5,1073.18 1 0
za/eval.go:1073.18,1079.46 2 0
za/eval.go:1079.46,1080.41 1 0
za/eval.go:1080.41,1082.58 2 0
za/eval.go:1082.58,1084.18 1 0
za/eval.go:1084.23,1086.43 2 0
za/eval.go:1086.43,1088.22 1 0
za/eval.go:1090.17,1090.29 1 0
za/eval.go:1092.13,1092.45 1 0
za/eval.go:1095.9,1095.20 1 0
za/eval.go:1095.20,1096.86 1 0
za/eval.go:1100.5,1104.33 4 0
za/eval.go:1104.33,1105.13 1 0
za/eval.go:1105.13,1106.37 1 0
za/eval.go:1107.26,1110.68 3 0
za/eval.go:1111.33,1113.65 1 0
za/eval.go:1115.13,1116.25 2 0
za/eval.go:1116.25,1118.14 1 0
za/eval.go:1119.13,1120.42 2 0
za/eval.go:1120.42,1121.22 1 0
za/eval.go:1123.13,1124.22 2 0
za/eval.go:1128.5,1128.33 1 0
za/eval.go:1128.33,1130.6 1 0
za/eval.go:1134.5,1134.17 1 0
za/eval.go:1134.17,1201.29 55 0
za/eval.go:1201.29,1204.43 1 0
za/eval.go:1204.44,1212.14 0 0
za/eval.go:1212.19,1213.124 1 0
za/eval.go:1217.9,1217.25 1 0
za/eval.go:1217.25,1218.46 1 0
za/eval.go:1218.46,1222.42 4 0
za/eval.go:1222.42,1223.30 1 0
za/eval.go:1223.30,1226.30 3 0
za/eval.go:1229.17,1229.31 1 0
za/eval.go:1229.31,1230.99 1 0
za/eval.go:1232.17,1233.59 2 0
za/eval.go:1235.15,1236.31 1 0
za/eval.go:1237.20,1237.20 0 0
za/eval.go:1239.38,1244.37 1 0
za/eval.go:1244.37,1245.40 1 0
za/eval.go:1245.40,1247.61 2 0
za/eval.go:1247.61,1248.71 1 0
za/eval.go:1248.71,1249.100 1 0
za/eval.go:1249.100,1250.136 1 0
za/eval.go:1252.33,1253.38 2 0
za/eval.go:1256.25,1256.41 1 0
za/eval.go:1256.41,1257.120 1 0
za/eval.go:1263.17,1264.53 2 0
za/eval.go:1264.53,1268.18 3 0
za/eval.go:1269.21,1271.106 1 0
za/eval.go:1275.9,1276.21 2 0
za/eval.go:1276.21,1277.31 1 0
za/eval.go:1280.9,1280.30 1 0
za/eval.go:1286.5,1286.25 1 0
za/eval.go:1286.25,1289.58 3 0
za/eval.go:1289.58,1290.73 1 0
za/eval.go:1292.9,1295.40 4 0
za/eval.go:1295.40,1296.39 1 0
za/eval.go:1296.39,1298.40 2 0
za/eval.go:1298.40,1299.31 1 0
za/eval.go:1299.31,1301.30 2 0
[...]
za/lib-tui.go:1076.68,1076.86 1 0
za/lib-tui.go:1077.13,1077.34 1 0
za/lib-tui.go:1078.20,1079.28 1 0
za/lib-tui.go:1080.20,1081.28 1 0
za/lib-tui.go:1082.21,1083.101 1 0
za/lib-tui.go:1085.9,1085.23 1 0
za/lib-tui.go:1088.5,1089.112 2 0
za/lib-tui.go:1089.112,1090.61 1 0
za/lib-tui.go:1090.61,1090.79 1 0
za/lib-tui.go:1091.9,1091.37 1 0
za/lib-tui.go:1094.5,1095.102 2 0
za/lib-tui.go:1095.102,1099.51 1 0
za/lib-tui.go:1099.51,1099.69 1 0
za/lib-tui.go:1100.9,1102.25 3 0
za/lib-tui.go:1102.25,1102.50 1 0
za/lib-tui.go:1103.9,1103.38 1 0
za/lib-tui.go:1104.26,1104.65 1 0
za/lib-tui.go:1105.26,1105.66 1 0
za/lib-tui.go:1106.26,1106.66 1 0
za/lib-tui.go:1107.26,1107.67 1 0
za/lib-tui.go:1108.26,1108.67 1 0
za/lib-tui.go:1109.26,1109.67 1 0
za/lib-tui.go:1110.26,1110.75 1 0
za/lib-tui.go:1112.9,1112.22 1 0
za/lib-tui.go:1115.5,1116.111 2 0
za/lib-tui.go:1116.111,1119.51 1 0
za/lib-tui.go:1119.51,1119.69 1 0
za/lib-tui.go:1120.9,1122.25 3 0
za/lib-tui.go:1122.25,1122.50 1 0
za/lib-tui.go:1123.9,1123.33 1 0
za/lib-tui.go:1126.5,1127.111 2 0
za/lib-tui.go:1127.111,1130.51 1 0
za/lib-tui.go:1130.51,1130.69 1 0
za/lib-tui.go:1131.9,1133.25 3 0
za/lib-tui.go:1133.25,1133.50 1 0
za/lib-tui.go:1134.9,1134.37 1 0
za/lib-tui.go:1137.5,1138.117 2 0
za/lib-tui.go:1138.117,1139.81 1 0
za/lib-tui.go:1139.81,1139.99 1 0
za/lib-tui.go:1140.9,1141.41 2 0
za/lib-tui.go:1144.5,1145.108 2 0
za/lib-tui.go:1145.108,1148.51 1 0
za/lib-tui.go:1148.51,1148.69 1 0
za/lib-tui.go:1149.9,1151.25 3 0
za/lib-tui.go:1151.25,1151.50 1 0
za/lib-tui.go:1152.9,1152.30 1 0
za/lib-tui.go:1155.5,1156.108 2 0
za/lib-tui.go:1156.108,1159.51 1 0
za/lib-tui.go:1159.51,1159.69 1 0
za/lib-tui.go:1160.9,1162.25 3 0
za/lib-tui.go:1162.25,1162.50 1 0
za/lib-tui.go:1163.9,1163.34 1 0
za/lib-tui.go:1166.5,1167.108 2 0
za/lib-tui.go:1167.108,1170.51 1 0
za/lib-tui.go:1170.51,1170.69 1 0
za/lib-tui.go:1171.9,1173.25 3 0
za/lib-tui.go:1173.25,1173.50 1 0
za/lib-tui.go:1174.9,1175.23 2 0
za/lib-tui.go:1178.5,1179.106 2 0
za/lib-tui.go:1179.106,1182.51 1 0
za/lib-tui.go:1182.51,1182.69 1 0
za/lib-tui.go:1183.9,1185.25 3 0
za/lib-tui.go:1185.25,1185.50 1 0
za/lib-tui.go:1186.9,1187.23 2 0
za/lib-tui.go:1190.5,1191.108 2 0
za/lib-tui.go:1191.108,1194.51 1 0
za/lib-tui.go:1194.51,1194.69 1 0
za/lib-tui.go:1195.9,1197.25 3 0
za/lib-tui.go:1197.25,1197.50 1 0
za/lib-tui.go:1198.9,1198.34 1 0
za/lib-tui.go:1201.5,1202.107 2 0
za/lib-tui.go:1202.107,1205.51 1 0
za/lib-tui.go:1205.51,1205.69 1 0
za/lib-tui.go:1206.9,1208.25 3 0
za/lib-tui.go:1208.25,1208.50 1 0
za/lib-tui.go:1209.9,1210.23 2 0
za/lib-tui.go:1213.5,1214.108 2 0
za/lib-tui.go:1214.108,1217.51 1 0
za/lib-tui.go:1217.51,1217.69 1 0
za/lib-tui.go:1218.9,1220.25 3 0
za/lib-tui.go:1220.25,1220.50 1 0
za/lib-tui.go:1221.9,1222.23 2 0
za/lib-tui.go:1226.5,1227.107 2 0
za/lib-tui.go:1227.107,1230.51 1 0
za/lib-tui.go:1230.51,1230.69 1 0
za/lib-tui.go:1231.9,1233.25 3 0
za/lib-tui.go:1233.25,1233.50 1 0
za/lib-tui.go:1234.9,1234.33 1 0
za/main.go:250.13,255.40 1 0
za/main.go:255.40,258.23 3 0
za/main.go:258.23,260.10 1 0
za/main.go:264.5,271.32 3 0
za/main.go:271.32,273.6 1 0
za/main.go:275.5,281.15 5 0
za/main.go:281.15,282.13 1 0
za/main.go:282.13,288.54 6 0
za/main.go:288.54,289.27 1 0
za/main.go:289.27,290.48 1 0
za/main.go:290.48,292.22 1 0
za/main.go:292.27,294.22 1 0
za/main.go:311.5,415.38 62 0
za/main.go:415.38,417.6 1 0
za/main.go:420.5,481.32 23 0
za/main.go:481.32,483.6 1 0
za/main.go:484.5,528.33 36 0
za/main.go:528.33,530.6 1 0
za/main.go:533.5,539.23 3 0
za/main.go:539.23,541.6 1 0
za/main.go:544.5,545.26 2 0
za/main.go:545.26,548.6 2 0
za/main.go:551.5,552.20 2 0
za/main.go:552.20,554.6 1 0
za/main.go:557.5,557.26 1 0
za/main.go:557.26,559.6 1 0
za/main.go:559.11,561.29 1 0
za/main.go:561.29,563.47 2 0
za/main.go:563.47,563.72 1 0
za/main.go:568.5,572.19 4 0
za/main.go:572.19,573.30 1 0
za/main.go:573.30,575.10 1 0
za/main.go:577.5,580.16 2 0
za/main.go:580.16,583.6 2 0
za/main.go:586.5,586.19 1 0
za/main.go:586.19,589.6 2 0
za/main.go:592.5,592.23 1 0
za/main.go:592.23,594.6 1 0
za/main.go:596.5,596.22 1 0
za/main.go:596.22,598.6 1 0
za/main.go:600.5,600.21 1 0
za/main.go:600.21,602.6 1 0
za/main.go:605.5,605.25 1 0
za/main.go:605.25,607.6 1 0
za/main.go:609.5,609.21 1 0
za/main.go:609.21,611.6 1 0
za/main.go:614.5,614.17 1 0
za/main.go:614.17,616.23 2 0
za/main.go:616.23,617.23 1 0
za/main.go:619.9,620.23 2 0
za/main.go:620.23,622.10 1 0
za/main.go:623.9,623.22 1 0
za/main.go:623.22,626.10 2 0
za/main.go:630.5,630.19 1 0
za/main.go:630.19,631.19 1 0
za/main.go:631.19,634.10 1 0
za/main.go:640.5,642.16 2 0
za/main.go:642.16,645.6 2 0
za/main.go:647.5,647.31 1 0
za/main.go:647.31,649.6 1 0
za/main.go:651.5,657.26 5 0
za/main.go:657.26,659.6 1 0
za/main.go:663.5,663.19 1 0
za/main.go:663.19,665.6 1 0
za/main.go:666.5,668.20 2 0
za/main.go:668.20,670.6 1 0
za/main.go:671.5,675.21 3 0
za/main.go:675.21,677.6 1 0
za/main.go:684.5,694.32 5 0
za/main.go:694.32,695.22 1 0
za/main.go:695.22,696.34 1 0
za/main.go:696.34,698.31 2 0
za/main.go:698.31,701.18 2 0
za/main.go:701.23,702.45 1 0
za/main.go:702.45,706.22 3 0
za/main.go:706.27,708.47 1 0
za/main.go:708.47,711.26 2 0
za/main.go:711.31,714.26 2 0
za/main.go:717.19,718.44 1 0
za/main.go:718.44,721.18 2 0
za/main.go:722.17,726.77 3 0
za/main.go:726.77,730.18 1 0
za/main.go:734.11,757.6 16 0
za/main.go:759.5,762.71 3 0
za/main.go:762.71,764.6 1 0
za/main.go:766.5,766.32 1 0
za/main.go:766.32,768.22 1 0
za/main.go:768.22,772.10 2 0
za/main.go:775.9,775.38 1 0
za/main.go:781.5,787.15 4 0
za/main.go:787.15,788.13 1 0
za/main.go:788.13,793.29 3 0
za/main.go:793.29,795.34 1 0
za/main.go:795.34,803.18 3 0
za/main.go:805.17,813.34 8 0
za/main.go:817.13,819.26 3 0
za/main.go:819.26,820.49 1 0
za/main.go:821.29,822.52 1 0
za/main.go:826.13,826.25 1 0
za/main.go:826.25,828.45 1 0
za/main.go:828.45,829.62 1 0
za/main.go:829.62,831.22 1 0
za/main.go:831.27,833.22 1 0
za/main.go:836.17,837.68 2 0
za/main.go:837.68,840.18 2 0
za/main.go:844.17,845.34 2 0
za/main.go:845.34,853.36 5 0
za/main.go:853.36,855.22 1 0
za/main.go:855.27,857.22 1 0
za/main.go:861.21,861.40 1 0
za/main.go:861.40,863.52 2 0
za/main.go:863.52,865.43 2 0
za/main.go:865.43,868.38 3 0
za/main.go:870.29,870.56 1 0
za/main.go:877.17,889.48 8 0
za/main.go:889.48,891.44 2 0
za/main.go:891.44,892.55 1 0
za/main.go:893.34,893.34 0 0
za/main.go:894.33,895.45 1 0
za/main.go:897.25,897.53 1 0
za/main.go:897.53,899.26 1 0
za/main.go:902.17,903.40 2 0
za/main.go:904.19,906.27 2 0
za/main.go:906.27,908.18 1 0
za/main.go:908.23,910.18 1 0
za/main.go:915.5,935.32 2 0
za/main.go:935.32,940.26 3 0
za/main.go:941.20,943.43 2 0
za/main.go:944.21,950.36 6 0
za/main.go:953.9,969.34 12 0
za/main.go:969.34,979.10 6 0
za/main.go:984.9,985.98 2 0
za/main.go:985.98,987.10 1 0
za/main.go:988.9,993.51 2 0
za/main.go:993.51,995.10 1 0
za/main.go:998.9,1000.51 3 0
za/main.go:1000.51,1003.10 2 0
za/main.go:1005.9,1009.30 3 0
za/main.go:1015.5,1017.17 2 0
za/main.go:1017.17,1020.6 2 0
za/main.go:1023.5,1036.62 9 0
za/main.go:1036.62,1044.36 4 0
za/main.go:1044.36,1044.50 1 0
za/main.go:1047.9,1049.36 3 0
za/main.go:1049.36,1049.53 2 0
za/main.go:1050.9,1057.77 6 0
za/main.go:1057.77,1058.37 1 0
za/main.go:1058.37,1061.29 3 0
za/main.go:1061.29,1063.18 1 0
za/main.go:1063.23,1066.18 2 0
za/main.go:1067.19,1070.14 2 0
za/main.go:1071.15,1075.10 2 0
za/main.go:1086.9,1098.13 10 0
za/main.go:1098.13,1109.49 7 0
za/main.go:1109.49,1111.14 1 0
za/main.go:1111.19,1113.14 1 0
za/main.go:1115.13,1134.38 10 0
za/main.go:1134.38,1139.36 4 0
za/main.go:1139.36,1140.31 1 0
za/main.go:1140.31,1140.41 1 0
za/main.go:1141.21,1141.62 1 0
za/main.go:1141.62,1141.92 2 0
za/main.go:1142.21,1142.35 1 0
za/main.go:1145.17,1145.29 1 0
za/main.go:1149.13,1149.17 1 0
za/main.go:1149.17,1157.34 5 0
za/main.go:1157.34,1158.44 1 0
za/main.go:1158.44,1160.43 2 0
za/main.go:1160.43,1161.53 1 0
za/main.go:1162.41,1163.101 1 0
za/main.go:1166.27,1168.22 1 0
za/main.go:1169.23,1171.18 1 0
za/main.go:1173.17,1176.34 3 0
za/main.go:1176.34,1176.41 1 0
za/main.go:1181.17,1194.34 4 0
za/main.go:1194.34,1195.26 1 0
za/main.go:1197.17,1210.46 9 0
za/main.go:1210.46,1213.39 2 0
za/main.go:1213.39,1215.22 1 0
za/main.go:1217.21,1217.50 1 0
za/main.go:1217.50,1217.73 1 0
za/main.go:1218.21,1218.50 1 0
za/main.go:1218.50,1218.73 1 0
za/main.go:1219.21,1219.50 1 0
za/main.go:1219.50,1219.73 1 0
za/main.go:1220.21,1220.50 1 0
za/main.go:1220.50,1220.73 1 0
za/main.go:1223.21,1223.90 1 0
za/main.go:1223.90,1223.113 1 0
za/main.go:1224.21,1224.50 1 0
za/main.go:1224.50,1226.30 2 0
za/main.go:1232.21,1232.52 1 0
za/main.go:1232.52,1233.49 1 0
za/main.go:1234.110,1235.41 1 0
za/main.go:1236.115,1237.41 1 0
za/main.go:1243.17,1243.33 1 0
za/main.go:1243.33,1243.65 2 0
za/main.go:1244.17,1244.52 1 0
za/main.go:1244.52,1244.59 1 0
za/main.go:1248.13,1248.30 1 0
za/main.go:1248.30,1248.37 1 0
za/main.go:1252.13,1252.30 1 0
za/main.go:1252.30,1262.36 6 0
za/main.go:1262.36,1263.31 1 0
za/main.go:1263.31,1263.41 1 0
za/main.go:1264.21,1264.62 1 0
za/main.go:1264.62,1264.92 2 0
za/main.go:1265.21,1265.35 1 0
za/main.go:1268.17,1268.28 1 0
za/main.go:1268.28,1269.26 1 0
za/main.go:1274.9,1276.24 2 0
za/main.go:1283.5,1283.23 1 0
za/main.go:1283.23,1284.58 1 0
za/main.go:1284.58,1287.27 3 0
za/main.go:1287.27,1288.41 1 0
za/main.go:1288.41,1290.18 1 0
za/main.go:1292.13,1292.19 1 0
za/main.go:1292.19,1294.14 1 0
za/main.go:1294.19,1297.14 2 0
za/main.go:1298.15,1301.27 2 0
za/main.go:1301.27,1302.27 1 0
za/main.go:1309.5,1309.24 1 0
za/main.go:1309.24,1312.21 2 0
za/main.go:1312.21,1313.23 1 0
za/main.go:1316.9,1320.30 2 0
za/main.go:1320.30,1322.10 1 0
za/main.go:1322.15,1324.10 1 0
za/main.go:1325.9,1326.21 2 0
za/main.go:1332.5,1333.23 2 0
za/main.go:1333.23,1335.6 1 0
za/main.go:1335.11,1337.6 1 0
za/main.go:1339.5,1340.32 2 0
za/main.go:1340.32,1340.49 2 0
za/main.go:1343.5,1343.23 1 0
za/main.go:1343.23,1345.27 2 0
za/main.go:1345.27,1350.10 4 0
za/main.go:1350.15,1352.10 1 0
za/main.go:1356.9,1365.27 10 0
za/main.go:1365.27,1367.10 1 0
za/main.go:1368.9,1370.36 3 0
za/main.go:1374.5,1376.32 2 0
za/main.go:1376.32,1378.6 1 0
za/misc.go:14.23,16.26 2 0
za/misc.go:16.26,19.6 2 0
za/misc.go:20.5,20.46 1 0
za/misc.go:20.46,21.19 1 0
za/misc.go:21.19,22.40 1 0
za/misc.go:22.40,24.14 1 0
za/misc.go:24.19,26.14 1 0
za/misc.go:38.64,39.16 1 0
za/misc.go:39.16,39.26 1 0
za/misc.go:40.5,41.32 2 0
za/misc.go:41.32,43.6 1 0
za/misc.go:44.5,45.17 2 0
za/misc.go:45.17,45.27 1 0
za/misc.go:46.5,46.26 1 0
za/misc.go:46.26,49.21 2 0
za/misc.go:49.21,51.26 2 0
za/misc.go:51.26,53.14 1 0
za/misc.go:57.5,57.17 1 0
za/misc.go:61.36,65.19 3 0
za/misc.go:65.19,65.40 1 0
za/misc.go:66.5,68.19 3 0
za/misc.go:68.19,68.40 1 0
za/misc.go:70.5,73.32 3 0
za/misc.go:73.32,75.41 1 0
za/misc.go:75.41,75.51 1 0
za/misc.go:76.9,82.25 7 0
za/misc.go:84.5,84.14 1 0
za/misc.go:89.30,91.17 2 0
za/misc.go:91.17,93.6 1 0
za/misc.go:94.5,94.17 1 0
za/misc.go:97.58,99.45 2 0
za/misc.go:99.45,101.6 1 0
za/misc.go:102.5,102.14 1 0
za/misc.go:106.33,112.30 4 0
za/misc.go:112.30,113.17 1 0
za/misc.go:113.17,113.27 1 0
za/misc.go:114.9,114.33 1 0
za/misc.go:114.33,114.53 1 0
za/misc.go:115.9,115.29 1 0
za/misc.go:115.29,117.18 2 0
za/misc.go:119.9,121.40 2 0
za/misc.go:123.5,124.38 2 0
za/misc.go:128.38,133.2 1 0
za/misc.go:135.53,141.15 4 0
za/misc.go:141.15,143.6 1 0
za/misc.go:143.11,145.6 1 0
za/misc.go:146.5,146.17 1 0
za/misc.go:146.17,149.6 2 0
za/misc.go:150.5,153.38 3 0
za/misc.go:153.38,154.22 1 0
za/misc.go:154.22,156.10 1 0
za/misc.go:156.15,158.10 1 0
za/misc.go:161.5,162.30 2 0
za/misc.go:162.30,163.49 1 0
za/misc.go:163.49,165.18 2 0
za/misc.go:169.5,170.20 2 0
za/misc.go:170.20,172.6 1 0
za/misc.go:172.11,174.6 1 0
za/misc.go:176.5,177.26 2 0
za/misc.go:177.26,183.6 1 0
za/misc.go:183.11,185.6 1 0
za/misc.go:187.5,190.20 3 0
za/misc.go:190.20,193.37 3 0
za/misc.go:193.37,194.33 1 0
za/misc.go:194.33,194.47 2 0
za/misc.go:195.13,195.35 1 0
za/misc.go:195.35,195.49 2 0
za/misc.go:196.13,196.20 1 0
za/misc.go:200.5,200.42 1 0
za/misc.go:200.42,203.6 2 0
za/misc.go:214.83,219.19 3 0
za/misc.go:219.19,221.6 1 0
za/misc.go:222.5,222.49 1 0
za/misc.go:222.49,224.6 1 0
za/misc.go:225.5,225.37 1 0
za/misc.go:225.37,227.6 1 0
za/misc.go:235.20,238.2 2 0
za/misc.go:240.57,242.21 1 0
za/misc.go:244.24,245.20 1 0
za/misc.go:246.24,248.60 1 0
za/misc.go:248.60,250.10 1 0
za/misc.go:251.9,251.38 1 0
za/misc.go:251.38,253.10 1 0
za/misc.go:254.9,255.38 2 0
za/misc.go:255.38,257.22 2 0
za/misc.go:257.22,259.14 1 0
za/misc.go:260.13,260.21 1 0
za/misc.go:262.9,262.42 1 0
za/misc.go:264.25,266.49 2 0
za/misc.go:266.49,268.22 2 0
za/misc.go:268.22,270.14 1 0
za/misc.go:271.13,271.21 1 0
za/misc.go:273.9,273.19 1 0
za/misc.go:275.25,276.54 1 0
za/misc.go:278.22,280.31 1 0
za/misc.go:280.31,282.10 1 0
za/misc.go:283.9,284.22 2 0
za/misc.go:284.22,286.10 1 0
za/misc.go:287.9,288.18 2 0
za/misc.go:288.18,290.10 1 0
za/misc.go:291.9,291.40 1 0
za/misc.go:298.81,299.36 1 0
za/misc.go:301.22,303.31 1 0
za/misc.go:303.31,305.10 1 0
za/misc.go:306.9,309.29 4 0
za/misc.go:309.29,313.23 3 0
za/misc.go:313.23,315.14 1 0
za/misc.go:316.13,318.23 3 0
za/misc.go:318.23,320.14 1 0
za/misc.go:321.13,321.22 1 0
za/misc.go:323.9,323.42 1 0
za/misc.go:325.28,326.62 1 0
za/misc.go:329.5,329.14 1 0
za/misc.go:333.16,336.28 3 0
za/misc.go:336.28,336.51 1 0
za/misc.go:337.5,341.44 5 0
za/misc.go:344.31,346.2 1 0
za/misc.go:348.29,406.2 2 0
za/misc.go:408.26,469.2 2 0
za/misc.go:473.35,513.2 2 0
za/misc.go:517.36,519.23 1 0
za/misc.go:520.12,530.21 2 0
za/misc.go:533.13,542.20 6 0
za/misc.go:544.24,545.24 1 0
za/misc.go:546.25,547.25 1 0
za/misc.go:549.19,550.24 1 0
za/misc.go:551.20,552.25 1 0
za/misc.go:554.23,555.24 1 0
za/misc.go:556.24,557.28 1 0
za/misc.go:559.17,564.27 2 0
za/misc.go:564.27,566.40 2 0
za/misc.go:566.40,568.18 1 0
za/misc.go:572.13,572.49 1 0
za/misc.go:572.49,575.42 3 0
za/misc.go:575.42,578.18 2 0
za/misc.go:579.17,582.37 4 0
za/misc.go:583.20,585.14 0 0
za/misc.go:587.13,587.46 1 0
za/misc.go:587.46,588.33 1 0
za/misc.go:588.33,590.55 2 0
za/misc.go:590.55,593.22 2 0
za/misc.go:595.17,595.34 1 0
za/misc.go:595.34,597.18 1 0
za/misc.go:668.26,670.2 1 0
za/nummap.go:11.30,13.2 1 1
za/nummap.go:15.32,17.2 1 0
za/nummap.go:20.40,23.2 2 1
za/nummap.go:25.42,27.2 1 1
za/nummap.go:29.54,30.33 1 1
za/nummap.go:30.33,32.6 1 1
za/nummap.go:33.5,33.21 1 1
za/nummap.go:36.40,39.2 2 1
za/phraser.go:13.19,17.2 3 0
za/phraser.go:20.49,26.26 2 1
za/phraser.go:26.26,29.6 1 1
za/phraser.go:31.5,33.16 3 1
za/phraser.go:33.16,37.6 2 1
za/phraser.go:40.5,42.18 3 1
za/phraser.go:42.18,44.38 2 1
za/phraser.go:44.38,45.22 1 1
za/phraser.go:45.22,48.22 3 0
za/phraser.go:51.9,51.18 1 1
za/phraser.go:51.18,51.25 1 1
za/phraser.go:54.5,57.11 3 1
za/phraser.go:61.42,63.2 1 0
za/phraser.go:79.79,118.29 25 1
za/phraser.go:118.29,120.27 1 1
za/phraser.go:120.27,122.10 1 1
za/phraser.go:124.9,127.61 3 1
za/phraser.go:127.61,128.56 1 1
za/phraser.go:128.56,128.83 1 0
za/phraser.go:132.9,132.35 1 1
za/phraser.go:132.35,132.61 1 1
za/phraser.go:134.9,137.46 2 1
za/phraser.go:137.46,138.56 1 0
za/phraser.go:138.56,140.14 1 0
za/phraser.go:144.9,144.67 1 1
za/phraser.go:144.67,147.10 2 0
za/phraser.go:150.9,150.41 1 1
za/phraser.go:150.41,152.10 1 0
za/phraser.go:155.9,155.41 1 1
za/phraser.go:155.41,157.10 1 0
za/phraser.go:160.9,160.32 1 1
za/phraser.go:160.32,161.36 1 1
za/phraser.go:161.36,163.59 2 0
za/phraser.go:163.59,164.52 1 0
za/phraser.go:164.52,166.22 1 0
za/phraser.go:167.23,169.18 1 0
za/phraser.go:175.9,175.26 1 1
za/phraser.go:176.23,177.23 1 0
za/phraser.go:178.23,179.23 1 0
za/phraser.go:180.21,181.30 1 0
za/phraser.go:182.21,183.30 1 0
za/phraser.go:184.25,185.31 1 0
za/phraser.go:186.26,187.31 1 0
za/phraser.go:190.9,190.50 1 1
za/phraser.go:190.50,191.48 1 0
za/phraser.go:191.48,193.25 2 0
za/phraser.go:200.9,200.90 1 1
za/phraser.go:200.90,203.21 2 0
za/phraser.go:207.9,207.31 1 1
za/phraser.go:207.31,209.18 2 0
za/phraser.go:212.9,214.37 2 1
za/phraser.go:214.37,218.10 1 0
za/phraser.go:220.9,220.55 1 1
za/phraser.go:220.55,222.10 1 1
za/phraser.go:224.9,224.24 1 1
za/phraser.go:224.24,227.10 2 1
za/phraser.go:229.9,229.59 1 1
za/phraser.go:229.59,232.22 1 1
za/phraser.go:232.22,233.40 1 1
za/phraser.go:233.40,235.34 2 1
za/phraser.go:235.34,237.22 1 0
za/phraser.go:238.21,238.56 1 1
za/phraser.go:238.56,240.22 1 0
za/phraser.go:242.23,244.18 1 0
za/phraser.go:248.13,248.27 1 1
za/phraser.go:248.27,251.14 2 0
za/phraser.go:253.13,256.31 3 1
za/phraser.go:256.31,256.45 1 0
za/phraser.go:261.13,261.37 1 1
za/phraser.go:261.37,262.36 1 1
za/phraser.go:262.36,270.18 4 1
za/phraser.go:274.13,280.34 7 1
za/phraser.go:284.9,284.16 1 1
za/phraser.go:284.16,285.18 1 1
za/phraser.go:290.5,290.24 1 1
za/stdlib.go:15.25,35.2 17 0
za/stringmap.go:11.29,13.2 1 1
za/stringmap.go:15.32,17.2 1 0
za/stringmap.go:19.40,22.2 2 0
za/stringmap.go:24.41,26.2 1 1
za/stringmap.go:28.53,29.30 1 1
za/stringmap.go:29.30,31.6 1 1
za/stringmap.go:32.5,32.19 1 0
za/stringmap.go:35.40,38.2 2 0
za/text.go:11.40,15.25 4 1
za/text.go:15.25,16.46 1 1
za/text.go:16.46,18.10 1 1
za/text.go:20.5,21.20 2 1
za/text.go:21.20,22.36 1 1
za/text.go:22.36,24.10 1 1
za/text.go:26.5,26.16 1 1
za/text.go:29.47,31.47 2 0
za/text.go:31.47,31.81 1 0
za/text.go:32.5,32.30 1 0
za/text.go:32.30,34.6 1 0
za/text.go:35.5,35.14 1 0
za/text.go:38.33,41.2 2 0
za/text.go:43.57,45.14 1 0
za/text.go:45.14,47.6 1 0
za/text.go:49.2,50.13 2 0
za/text.go:50.13,52.3 1 0
za/text.go:54.2,54.14 1 0
za/text.go:56.10,58.28 1 0
za/text.go:60.9,62.13 1 0
za/text.go:62.13,64.4 1 0
za/text.go:65.3,65.57 1 0
za/text.go:67.9,71.19 3 0
za/text.go:71.19,73.4 1 0
za/text.go:74.3,75.34 2 0
za/text.go:75.34,78.4 2 0
za/text.go:79.3,79.56 1 0
za/text.go:82.2,82.11 1 0
za/text.go:86.32,91.29 5 1
za/text.go:91.29,92.22 1 1
za/text.go:92.22,92.45 2 1
za/text.go:93.9,93.22 1 1
za/text.go:93.22,94.24 1 1
za/text.go:94.24,96.14 1 1
za/text.go:97.13,97.39 1 1
za/text.go:97.39,99.25 2 1
za/text.go:102.9,102.17 1 1
za/text.go:102.17,102.39 1 1
za/text.go:104.5,104.23 1 1
za/text.go:107.42,108.29 1 1
za/text.go:108.29,110.3 1 1
za/text.go:111.2,111.36 1 1
za/text.go:111.36,113.3 1 1
za/text.go:114.2,114.10 1 1
za/text.go:117.41,119.2 1 0
za/text.go:121.43,123.2 1 0
za/text.go:125.41,127.2 1 1
za/text.go:129.54,131.34 1 0
za/text.go:131.34,134.60 3 0
za/text.go:134.60,135.9 1 0
za/text.go:138.2,138.10 1 0
za/text.go:141.36,142.53 1 0
za/text.go:142.53,144.3 1 0
za/text.go:145.2,145.14 1 0
za/text.go:148.38,149.49 1 0
za/text.go:149.49,151.3 1 0
za/text.go:152.2,152.14 1 0
za/text.go:155.44,157.2 1 0
za/text.go:159.42,161.2 1 0
za/text.go:163.42,165.2 1 0
za/types.go:28.35,30.2 1 0
za/types.go:66.32,68.2 1 0
za/types.go:83.34,85.2 1 0
za/use_chain.go:14.30,18.34 3 0
za/use_chain.go:18.34,20.6 1 0
za/use_chain.go:22.5,23.16 2 0
za/use_chain.go:26.33,29.35 3 0
za/use_chain.go:29.35,30.25 1 0
za/use_chain.go:30.25,32.21 2 0
za/use_chain.go:32.21,34.14 1 0
za/use_chain.go:35.13,35.32 1 0
za/use_chain.go:35.32,37.14 1 0
za/use_chain.go:38.13,39.24 2 0
za/use_chain.go:42.5,42.17 1 0
za/use_chain.go:45.30,51.35 6 0
za/use_chain.go:51.35,53.6 1 0
za/use_chain.go:54.5,55.16 2 0
za/use_chain.go:58.17,63.2 4 0
za/use_chain.go:65.24,70.35 5 0
za/use_chain.go:70.35,72.6 1 0
za/use_chain.go:73.5,74.16 2 0
za/use_chain.go:77.23,80.23 3 0
za/use_chain.go:80.23,82.6 1 0
za/use_chain.go:83.5,85.16 3 0
za/use_chain.go:88.16,92.23 4 0
za/use_chain.go:92.23,94.6 1 0
za/use_chain.go:95.5,95.35 1 0
za/use_chain.go:95.35,97.6 1 0
za/use_chain.go:100.39,103.35 3 0
za/use_chain.go:103.35,104.48 1 0
za/use_chain.go:104.48,106.10 1 0
za/use_chain.go:108.5,108.14 1 0
za/use_chain.go:111.39,116.35 5 0
za/use_chain.go:116.35,117.51 1 0
za/use_chain.go:117.51,119.10 1 0
za/use_chain.go:121.5,121.14 1 0
za/use_chain.go:127.41,130.35 3 0
za/use_chain.go:130.35,131.57 1 0
za/use_chain.go:131.57,133.10 1 0
za/use_chain.go:135.5,135.14 1 0
za/winch.go:11.42,13.2 1 1
